/Users/harshanand/vscode_files/project_bird/wildlife-audio-project/src/train.py:61: FutureWarning: `torch.cuda.amp.GradScaler(args...)` is deprecated. Please use `torch.amp.GradScaler('cuda', args...)` instead.
  scaler = GradScaler(enabled=use_amp)
/Users/harshanand/vscode_files/project_bird/wildlife-audio-project/.venv/lib/python3.13/site-packages/torch/utils/data/dataloader.py:775: UserWarning: 'pin_memory' argument is set as true but not supported on MPS now, device pinned memory won't be used.
  super().__init__(loader)
/Users/harshanand/vscode_files/project_bird/wildlife-audio-project/src/train.py:90: FutureWarning: `torch.cuda.amp.autocast(args...)` is deprecated. Please use `torch.amp.autocast('cuda', args...)` instead.
  with autocast(enabled=use_amp):
Warning: Xing stream size off by more than 1%, fuzzy seeking may be even more fuzzy than by design!
Warning: Xing stream size off by more than 1%, fuzzy seeking may be even more fuzzy than by design!
[src/libmpg123/layer3.c:INT123_do_layer3():1844] error: dequantization failed!
Warning: Xing stream size off by more than 1%, fuzzy seeking may be even more fuzzy than by design!
[src/libmpg123/layer3.c:INT123_do_layer3():1844] error: dequantization failed!
Warning: Xing stream size off by more than 1%, fuzzy seeking may be even more fuzzy than by design!
Warning: Xing stream size off by more than 1%, fuzzy seeking may be even more fuzzy than by design!
Warning: Xing stream size off by more than 1%, fuzzy seeking may be even more fuzzy than by design!
Warning: Xing stream size off by more than 1%, fuzzy seeking may be even more fuzzy than by design!
Warning: Xing stream size off by more than 1%, fuzzy seeking may be even more fuzzy than by design!
[src/libmpg123/layer3.c:INT123_do_layer3():1844] error: dequantization failed!
Warning: Xing stream size off by more than 1%, fuzzy seeking may be even more fuzzy than by design!
Warning: Xing stream size off by more than 1%, fuzzy seeking may be even more fuzzy than by design!
Warning: Xing stream size off by more than 1%, fuzzy seeking may be even more fuzzy than by design!
Warning: Xing stream size off by more than 1%, fuzzy seeking may be even more fuzzy than by design!
Warning: Xing stream size off by more than 1%, fuzzy seeking may be even more fuzzy than by design!
Warning: Xing stream size off by more than 1%, fuzzy seeking may be even more fuzzy than by design!
Warning: Xing stream size off by more than 1%, fuzzy seeking may be even more fuzzy than by design!
Warning: Xing stream size off by more than 1%, fuzzy seeking may be even more fuzzy than by design!
Warning: Xing stream size off by more than 1%, fuzzy seeking may be even more fuzzy than by design!
Warning: Xing stream size off by more than 1%, fuzzy seeking may be even more fuzzy than by design!
Warning: Xing stream size off by more than 1%, fuzzy seeking may be even more fuzzy than by design!
Warning: Xing stream size off by more than 1%, fuzzy seeking may be even more fuzzy than by design!
Warning: Xing stream size off by more than 1%, fuzzy seeking may be even more fuzzy than by design!
Warning: Xing stream size off by more than 1%, fuzzy seeking may be even more fuzzy than by design!
Warning: Xing stream size off by more than 1%, fuzzy seeking may be even more fuzzy than by design!
Warning: Xing stream size off by more than 1%, fuzzy seeking may be even more fuzzy than by design!
Warning: Xing stream size off by more than 1%, fuzzy seeking may be even more fuzzy than by design!
Warning: Xing stream size off by more than 1%, fuzzy seeking may be even more fuzzy than by design!
Warning: Xing stream size off by more than 1%, fuzzy seeking may be even more fuzzy than by design!
Warning: Xing stream size off by more than 1%, fuzzy seeking may be even more fuzzy than by design!
Warning: Xing stream size off by more than 1%, fuzzy seeking may be even more fuzzy than by design!
Warning: Xing stream size off by more than 1%, fuzzy seeking may be even more fuzzy than by design!
[src/libmpg123/layer3.c:INT123_do_layer3():1844] error: dequantization failed!
Warning: Xing stream size off by more than 1%, fuzzy seeking may be even more fuzzy than by design!
Warning: Xing stream size off by more than 1%, fuzzy seeking may be even more fuzzy than by design!
/Users/harshanand/vscode_files/project_bird/wildlife-audio-project/.venv/lib/python3.13/site-packages/torch/utils/data/dataloader.py:775: UserWarning: 'pin_memory' argument is set as true but not supported on MPS now, device pinned memory won't be used.
  super().__init__(loader)
/Users/harshanand/vscode_files/project_bird/wildlife-audio-project/src/train.py:120: FutureWarning: `torch.cuda.amp.autocast(args...)` is deprecated. Please use `torch.amp.autocast('cuda', args...)` instead.
  with autocast(enabled=use_amp):
Note: Illegal Audio-MPEG-Header 0x204f6e65 at offset 94285.
Note: Trying to resync...
Note: Hit end of (available) data during resync.
Warning: Xing stream size off by more than 1%, fuzzy seeking may be even more fuzzy than by design!
[src/libmpg123/layer3.c:INT123_do_layer3():1844] error: dequantization failed!
Warning: Xing stream size off by more than 1%, fuzzy seeking may be even more fuzzy than by design!
Warning: Xing stream size off by more than 1%, fuzzy seeking may be even more fuzzy than by design!
[src/libmpg123/layer3.c:INT123_do_layer3():1844] error: dequantization failed!
[src/libmpg123/layer3.c:INT123_do_layer3():1844] error: dequantization failed!
Warning: Xing stream size off by more than 1%, fuzzy seeking may be even more fuzzy than by design!
Warning: Xing stream size off by more than 1%, fuzzy seeking may be even more fuzzy than by design!
Warning: Xing stream size off by more than 1%, fuzzy seeking may be even more fuzzy than by design!
Warning: Xing stream size off by more than 1%, fuzzy seeking may be even more fuzzy than by design!
Warning: Xing stream size off by more than 1%, fuzzy seeking may be even more fuzzy than by design!
Warning: Xing stream size off by more than 1%, fuzzy seeking may be even more fuzzy than by design!
Warning: Xing stream size off by more than 1%, fuzzy seeking may be even more fuzzy than by design!
[src/libmpg123/layer3.c:INT123_do_layer3():1844] error: dequantization failed!
Warning: Xing stream size off by more than 1%, fuzzy seeking may be even more fuzzy than by design!
Warning: Xing stream size off by more than 1%, fuzzy seeking may be even more fuzzy than by design!
Warning: Xing stream size off by more than 1%, fuzzy seeking may be even more fuzzy than by design!
Warning: Xing stream size off by more than 1%, fuzzy seeking may be even more fuzzy than by design!
Warning: Xing stream size off by more than 1%, fuzzy seeking may be even more fuzzy than by design!
Warning: Xing stream size off by more than 1%, fuzzy seeking may be even more fuzzy than by design!
Warning: Xing stream size off by more than 1%, fuzzy seeking may be even more fuzzy than by design!
Warning: Xing stream size off by more than 1%, fuzzy seeking may be even more fuzzy than by design!
Warning: Xing stream size off by more than 1%, fuzzy seeking may be even more fuzzy than by design!
Warning: Xing stream size off by more than 1%, fuzzy seeking may be even more fuzzy than by design!
[src/libmpg123/layer3.c:INT123_do_layer3():1844] error: dequantization failed!
Warning: Xing stream size off by more than 1%, fuzzy seeking may be even more fuzzy than by design!
[src/libmpg123/layer3.c:INT123_do_layer3():1844] error: dequantization failed!
[src/libmpg123/layer3.c:INT123_do_layer3():1844] error: dequantization failed!
Warning: Xing stream size off by more than 1%, fuzzy seeking may be even more fuzzy than by design!
Warning: Xing stream size off by more than 1%, fuzzy seeking may be even more fuzzy than by design!
Warning: Xing stream size off by more than 1%, fuzzy seeking may be even more fuzzy than by design!
Warning: Xing stream size off by more than 1%, fuzzy seeking may be even more fuzzy than by design!
Warning: Xing stream size off by more than 1%, fuzzy seeking may be even more fuzzy than by design!
Note: Illegal Audio-MPEG-Header 0x204f6e65 at offset 94285.
Note: Trying to resync...
Note: Hit end of (available) data during resync.
Warning: Xing stream size off by more than 1%, fuzzy seeking may be even more fuzzy than by design!
Warning: Xing stream size off by more than 1%, fuzzy seeking may be even more fuzzy than by design!
Warning: Xing stream size off by more than 1%, fuzzy seeking may be even more fuzzy than by design!
Warning: Xing stream size off by more than 1%, fuzzy seeking may be even more fuzzy than by design!
Warning: Xing stream size off by more than 1%, fuzzy seeking may be even more fuzzy than by design!
Warning: Xing stream size off by more than 1%, fuzzy seeking may be even more fuzzy than by design!
Warning: Xing stream size off by more than 1%, fuzzy seeking may be even more fuzzy than by design!
[src/libmpg123/layer3.c:INT123_do_layer3():1844] error: dequantization failed!
Warning: Xing stream size off by more than 1%, fuzzy seeking may be even more fuzzy than by design!
Warning: Xing stream size off by more than 1%, fuzzy seeking may be even more fuzzy than by design!
Warning: Xing stream size off by more than 1%, fuzzy seeking may be even more fuzzy than by design!
Warning: Xing stream size off by more than 1%, fuzzy seeking may be even more fuzzy than by design!
Warning: Xing stream size off by more than 1%, fuzzy seeking may be even more fuzzy than by design!
Warning: Xing stream size off by more than 1%, fuzzy seeking may be even more fuzzy than by design!
Warning: Xing stream size off by more than 1%, fuzzy seeking may be even more fuzzy than by design!
Warning: Xing stream size off by more than 1%, fuzzy seeking may be even more fuzzy than by design!
Warning: Xing stream size off by more than 1%, fuzzy seeking may be even more fuzzy than by design!
Warning: Xing stream size off by more than 1%, fuzzy seeking may be even more fuzzy than by design!
Warning: Xing stream size off by more than 1%, fuzzy seeking may be even more fuzzy than by design!
Warning: Xing stream size off by more than 1%, fuzzy seeking may be even more fuzzy than by design!
Warning: Xing stream size off by more than 1%, fuzzy seeking may be even more fuzzy than by design!
Warning: Xing stream size off by more than 1%, fuzzy seeking may be even more fuzzy than by design!
Warning: Xing stream size off by more than 1%, fuzzy seeking may be even more fuzzy than by design!
Warning: Xing stream size off by more than 1%, fuzzy seeking may be even more fuzzy than by design!
Warning: Xing stream size off by more than 1%, fuzzy seeking may be even more fuzzy than by design!
Warning: Xing stream size off by more than 1%, fuzzy seeking may be even more fuzzy than by design!
Warning: Xing stream size off by more than 1%, fuzzy seeking may be even more fuzzy than by design!
Warning: Xing stream size off by more than 1%, fuzzy seeking may be even more fuzzy than by design!
Warning: Xing stream size off by more than 1%, fuzzy seeking may be even more fuzzy than by design!
Warning: Xing stream size off by more than 1%, fuzzy seeking may be even more fuzzy than by design!
Warning: Xing stream size off by more than 1%, fuzzy seeking may be even more fuzzy than by design!
Warning: Xing stream size off by more than 1%, fuzzy seeking may be even more fuzzy than by design!
Warning: Xing stream size off by more than 1%, fuzzy seeking may be even more fuzzy than by design!
Warning: Xing stream size off by more than 1%, fuzzy seeking may be even more fuzzy than by design!
Warning: Xing stream size off by more than 1%, fuzzy seeking may be even more fuzzy than by design!
Warning: Xing stream size off by more than 1%, fuzzy seeking may be even more fuzzy than by design!
Note: Illegal Audio-MPEG-Header 0x204f6e65 at offset 94285.
Note: Trying to resync...
Note: Hit end of (available) data during resync.
Warning: Xing stream size off by more than 1%, fuzzy seeking may be even more fuzzy than by design!
Warning: Xing stream size off by more than 1%, fuzzy seeking may be even more fuzzy than by design!
Warning: Xing stream size off by more than 1%, fuzzy seeking may be even more fuzzy than by design!
Warning: Xing stream size off by more than 1%, fuzzy seeking may be even more fuzzy than by design!
Warning: Xing stream size off by more than 1%, fuzzy seeking may be even more fuzzy than by design!
Warning: Xing stream size off by more than 1%, fuzzy seeking may be even more fuzzy than by design!
[src/libmpg123/layer3.c:INT123_do_layer3():1844] error: dequantization failed!
Warning: Xing stream size off by more than 1%, fuzzy seeking may be even more fuzzy than by design!
Warning: Xing stream size off by more than 1%, fuzzy seeking may be even more fuzzy than by design!
Warning: Xing stream size off by more than 1%, fuzzy seeking may be even more fuzzy than by design!
Warning: Xing stream size off by more than 1%, fuzzy seeking may be even more fuzzy than by design!
Warning: Xing stream size off by more than 1%, fuzzy seeking may be even more fuzzy than by design!
Warning: Xing stream size off by more than 1%, fuzzy seeking may be even more fuzzy than by design!
Warning: Xing stream size off by more than 1%, fuzzy seeking may be even more fuzzy than by design!
Warning: Xing stream size off by more than 1%, fuzzy seeking may be even more fuzzy than by design!
Warning: Xing stream size off by more than 1%, fuzzy seeking may be even more fuzzy than by design!
Warning: Xing stream size off by more than 1%, fuzzy seeking may be even more fuzzy than by design!
Warning: Xing stream size off by more than 1%, fuzzy seeking may be even more fuzzy than by design!
Warning: Xing stream size off by more than 1%, fuzzy seeking may be even more fuzzy than by design!
[src/libmpg123/layer3.c:INT123_do_layer3():1844] error: dequantization failed!
Warning: Xing stream size off by more than 1%, fuzzy seeking may be even more fuzzy than by design!
Warning: Xing stream size off by more than 1%, fuzzy seeking may be even more fuzzy than by design!
Warning: Xing stream size off by more than 1%, fuzzy seeking may be even more fuzzy than by design!
Warning: Xing stream size off by more than 1%, fuzzy seeking may be even more fuzzy than by design!
Warning: Xing stream size off by more than 1%, fuzzy seeking may be even more fuzzy than by design!
Warning: Xing stream size off by more than 1%, fuzzy seeking may be even more fuzzy than by design!
Warning: Xing stream size off by more than 1%, fuzzy seeking may be even more fuzzy than by design!
[src/libmpg123/layer3.c:INT123_do_layer3():1844] error: dequantization failed!
Warning: Xing stream size off by more than 1%, fuzzy seeking may be even more fuzzy than by design!
Warning: Xing stream size off by more than 1%, fuzzy seeking may be even more fuzzy than by design!
Warning: Xing stream size off by more than 1%, fuzzy seeking may be even more fuzzy than by design!
Warning: Xing stream size off by more than 1%, fuzzy seeking may be even more fuzzy than by design!
Warning: Xing stream size off by more than 1%, fuzzy seeking may be even more fuzzy than by design!
Warning: Xing stream size off by more than 1%, fuzzy seeking may be even more fuzzy than by design!
Warning: Xing stream size off by more than 1%, fuzzy seeking may be even more fuzzy than by design!
Warning: Xing stream size off by more than 1%, fuzzy seeking may be even more fuzzy than by design!
Warning: Xing stream size off by more than 1%, fuzzy seeking may be even more fuzzy than by design!
Warning: Xing stream size off by more than 1%, fuzzy seeking may be even more fuzzy than by design!
Note: Illegal Audio-MPEG-Header 0x204f6e65 at offset 94285.
Note: Trying to resync...
Note: Hit end of (available) data during resync.
Warning: Xing stream size off by more than 1%, fuzzy seeking may be even more fuzzy than by design!
Warning: Xing stream size off by more than 1%, fuzzy seeking may be even more fuzzy than by design!
Using device: mps  |  AMP: False  |  Grad accum: 2x
Loading datasets...
Dataset split → Train: 25182, Val: 5415, Test: 5512
Initializing model (EfficientNet-B2)...

── Epoch 1/30 ──
  Batch    0/787 | loss: 5.5118 | lr: 0.00e+00
  Batch   20/787 | loss: 5.5440 | lr: 2.54e-06
  Batch   40/787 | loss: 5.5822 | lr: 5.08e-06
  Batch   60/787 | loss: 5.4260 | lr: 7.63e-06
  Batch   80/787 | loss: 5.4822 | lr: 1.02e-05
  Batch  100/787 | loss: 5.4537 | lr: 1.27e-05
  Batch  120/787 | loss: 5.5335 | lr: 1.53e-05
  Batch  140/787 | loss: 5.3957 | lr: 1.78e-05
  Batch  160/787 | loss: 5.5479 | lr: 2.03e-05
  Batch  180/787 | loss: 5.4077 | lr: 2.29e-05
  Batch  200/787 | loss: 5.4841 | lr: 2.54e-05
  Batch  220/787 | loss: 5.4440 | lr: 2.80e-05
  Batch  240/787 | loss: 5.5350 | lr: 3.05e-05
  Batch  260/787 | loss: 5.3536 | lr: 3.31e-05
  Batch  280/787 | loss: 5.4087 | lr: 3.56e-05
  Batch  300/787 | loss: 5.4254 | lr: 3.81e-05
  Batch  320/787 | loss: 5.3451 | lr: 4.07e-05
  Batch  340/787 | loss: 5.4196 | lr: 4.32e-05
  Batch  360/787 | loss: 5.4995 | lr: 4.58e-05
  Batch  380/787 | loss: 5.4713 | lr: 4.83e-05
  Batch  400/787 | loss: 5.5005 | lr: 5.08e-05
  Batch  420/787 | loss: 5.4740 | lr: 5.34e-05
  Batch  440/787 | loss: 5.4495 | lr: 5.59e-05
  Batch  460/787 | loss: 5.2962 | lr: 5.85e-05
  Batch  480/787 | loss: 5.4863 | lr: 6.10e-05
  Batch  500/787 | loss: 5.3731 | lr: 6.36e-05
  Batch  520/787 | loss: 5.3750 | lr: 6.61e-05
  Batch  540/787 | loss: 5.5210 | lr: 6.86e-05
  Batch  560/787 | loss: 5.3910 | lr: 7.12e-05
  Batch  580/787 | loss: 5.3816 | lr: 7.37e-05
  Batch  600/787 | loss: 5.3391 | lr: 7.63e-05
  Batch  620/787 | loss: 5.4704 | lr: 7.88e-05
  Batch  640/787 | loss: 5.4746 | lr: 8.14e-05
  Batch  660/787 | loss: 5.4585 | lr: 8.39e-05
  Batch  680/787 | loss: 5.3649 | lr: 8.64e-05
  Batch  700/787 | loss: 5.3203 | lr: 8.90e-05
  Batch  720/787 | loss: 5.5492 | lr: 9.15e-05
  Batch  740/787 | loss: 5.3129 | lr: 9.41e-05
  Batch  760/787 | loss: 5.3743 | lr: 9.66e-05
  Batch  780/787 | loss: 5.3372 | lr: 9.92e-05
  Train loss: 5.4342  |  Val loss: 5.3572
  ★ Saved new best model!

── Epoch 2/30 ──
  Batch    0/787 | loss: 5.3563 | lr: 1.00e-04
  Batch   20/787 | loss: 5.4811 | lr: 1.03e-04
  Batch   40/787 | loss: 5.4452 | lr: 1.05e-04
  Batch   60/787 | loss: 5.3847 | lr: 1.08e-04
  Batch   80/787 | loss: 5.3234 | lr: 1.10e-04
  Batch  100/787 | loss: 5.4804 | lr: 1.13e-04
  Batch  120/787 | loss: 5.5050 | lr: 1.15e-04
  Batch  140/787 | loss: 5.4790 | lr: 1.18e-04
  Batch  160/787 | loss: 5.2995 | lr: 1.21e-04
  Batch  180/787 | loss: 5.5628 | lr: 1.23e-04
  Batch  200/787 | loss: 5.3777 | lr: 1.26e-04
  Batch  220/787 | loss: 5.4651 | lr: 1.28e-04
  Batch  240/787 | loss: 5.3107 | lr: 1.31e-04
  Batch  260/787 | loss: 5.2643 | lr: 1.33e-04
  Batch  280/787 | loss: 5.2847 | lr: 1.36e-04
  Batch  300/787 | loss: 5.4161 | lr: 1.38e-04
  Batch  320/787 | loss: 5.2986 | lr: 1.41e-04
  Batch  340/787 | loss: 5.2506 | lr: 1.43e-04
  Batch  360/787 | loss: 5.3302 | lr: 1.46e-04
  Batch  380/787 | loss: 5.5077 | lr: 1.48e-04
  Batch  400/787 | loss: 5.2139 | lr: 1.51e-04
  Batch  420/787 | loss: 5.4198 | lr: 1.54e-04
  Batch  440/787 | loss: 5.3639 | lr: 1.56e-04
  Batch  460/787 | loss: 5.2882 | lr: 1.59e-04
  Batch  480/787 | loss: 5.3005 | lr: 1.61e-04
  Batch  500/787 | loss: 5.1330 | lr: 1.64e-04
  Batch  520/787 | loss: 5.3788 | lr: 1.66e-04
  Batch  540/787 | loss: 5.4418 | lr: 1.69e-04
  Batch  560/787 | loss: 5.2994 | lr: 1.71e-04
  Batch  580/787 | loss: 5.2331 | lr: 1.74e-04
  Batch  600/787 | loss: 5.4539 | lr: 1.76e-04
  Batch  620/787 | loss: 5.1179 | lr: 1.79e-04
  Batch  640/787 | loss: 5.2550 | lr: 1.82e-04
  Batch  660/787 | loss: 5.4859 | lr: 1.84e-04
  Batch  680/787 | loss: 5.3061 | lr: 1.87e-04
  Batch  700/787 | loss: 5.1488 | lr: 1.89e-04
  Batch  720/787 | loss: 5.0942 | lr: 1.92e-04
  Batch  740/787 | loss: 5.2824 | lr: 1.94e-04
  Batch  760/787 | loss: 5.0996 | lr: 1.97e-04
  Batch  780/787 | loss: 5.3042 | lr: 1.99e-04
  Train loss: 5.3385  |  Val loss: 5.2690
  ★ Saved new best model!

── Epoch 3/30 ──
  Batch    0/787 | loss: 5.4225 | lr: 2.00e-04
  Batch   20/787 | loss: 5.2592 | lr: 2.03e-04
  Batch   40/787 | loss: 5.1116 | lr: 2.05e-04
  Batch   60/787 | loss: 5.3979 | lr: 2.08e-04
  Batch   80/787 | loss: 5.2875 | lr: 2.11e-04
  Batch  100/787 | loss: 5.2986 | lr: 2.13e-04
  Batch  120/787 | loss: 5.2254 | lr: 2.16e-04
  Batch  140/787 | loss: 5.4099 | lr: 2.18e-04
  Batch  160/787 | loss: 5.1200 | lr: 2.21e-04
  Batch  180/787 | loss: 5.4077 | lr: 2.23e-04
  Batch  200/787 | loss: 5.3905 | lr: 2.26e-04
  Batch  220/787 | loss: 5.2431 | lr: 2.28e-04
  Batch  240/787 | loss: 4.9879 | lr: 2.31e-04
  Batch  260/787 | loss: 5.1555 | lr: 2.33e-04
  Batch  280/787 | loss: 5.2609 | lr: 2.36e-04
  Batch  300/787 | loss: 5.2642 | lr: 2.38e-04
  Batch  320/787 | loss: 5.3679 | lr: 2.41e-04
  Batch  340/787 | loss: 5.3556 | lr: 2.44e-04
  Batch  360/787 | loss: 5.2827 | lr: 2.46e-04
  Batch  380/787 | loss: 5.2570 | lr: 2.49e-04
  Batch  400/787 | loss: 5.2173 | lr: 2.51e-04
  Batch  420/787 | loss: 5.3099 | lr: 2.54e-04
  Batch  440/787 | loss: 5.2062 | lr: 2.56e-04
  Batch  460/787 | loss: 5.4597 | lr: 2.59e-04
  Batch  480/787 | loss: 5.2980 | lr: 2.61e-04
  Batch  500/787 | loss: 5.2282 | lr: 2.64e-04
  Batch  520/787 | loss: 5.1727 | lr: 2.66e-04
  Batch  540/787 | loss: 5.3922 | lr: 2.69e-04
  Batch  560/787 | loss: 5.1962 | lr: 2.72e-04
  Batch  580/787 | loss: 5.2696 | lr: 2.74e-04
  Batch  600/787 | loss: 5.2910 | lr: 2.77e-04
  Batch  620/787 | loss: 5.4049 | lr: 2.79e-04
  Batch  640/787 | loss: 5.3624 | lr: 2.82e-04
  Batch  660/787 | loss: 5.2115 | lr: 2.84e-04
  Batch  680/787 | loss: 5.3558 | lr: 2.87e-04
  Batch  700/787 | loss: 5.2847 | lr: 2.89e-04
  Batch  720/787 | loss: 5.4394 | lr: 2.92e-04
  Batch  740/787 | loss: 5.4354 | lr: 2.94e-04
  Batch  760/787 | loss: 5.0809 | lr: 2.97e-04
  Batch  780/787 | loss: 5.3992 | lr: 2.99e-04
  Train loss: 5.2998  |  Val loss: 5.2555
  ★ Saved new best model!

── Epoch 4/30 ──
  Batch    0/787 | loss: 5.3780 | lr: 3.00e-04
  Batch   20/787 | loss: 5.3199 | lr: 3.00e-04
  Batch   40/787 | loss: 5.2565 | lr: 3.00e-04
  Batch   60/787 | loss: 5.2559 | lr: 3.00e-04
  Batch   80/787 | loss: 5.2354 | lr: 3.00e-04
  Batch  100/787 | loss: 5.4635 | lr: 3.00e-04
  Batch  120/787 | loss: 5.3135 | lr: 3.00e-04
  Batch  140/787 | loss: 5.2629 | lr: 3.00e-04
  Batch  160/787 | loss: 5.2114 | lr: 3.00e-04
  Batch  180/787 | loss: 5.1736 | lr: 3.00e-04
  Batch  200/787 | loss: 5.3581 | lr: 3.00e-04
  Batch  220/787 | loss: 5.1125 | lr: 3.00e-04
  Batch  240/787 | loss: 5.2368 | lr: 3.00e-04
  Batch  260/787 | loss: 5.1317 | lr: 3.00e-04
  Batch  280/787 | loss: 5.2028 | lr: 3.00e-04
  Batch  300/787 | loss: 5.2078 | lr: 3.00e-04
  Batch  320/787 | loss: 5.1645 | lr: 3.00e-04
  Batch  340/787 | loss: 5.2887 | lr: 3.00e-04
  Batch  360/787 | loss: 5.2828 | lr: 3.00e-04
  Batch  380/787 | loss: 5.2262 | lr: 3.00e-04
  Batch  400/787 | loss: 5.1339 | lr: 3.00e-04
  Batch  420/787 | loss: 5.2704 | lr: 3.00e-04
  Batch  440/787 | loss: 5.3393 | lr: 3.00e-04
  Batch  460/787 | loss: 5.1488 | lr: 3.00e-04
  Batch  480/787 | loss: 5.2191 | lr: 3.00e-04
  Batch  500/787 | loss: 5.0184 | lr: 3.00e-04
  Batch  520/787 | loss: 5.2756 | lr: 3.00e-04
  Batch  540/787 | loss: 5.0819 | lr: 3.00e-04
  Batch  560/787 | loss: 5.3413 | lr: 3.00e-04
  Batch  580/787 | loss: 5.2898 | lr: 2.99e-04
  Batch  600/787 | loss: 5.4822 | lr: 2.99e-04
  Batch  620/787 | loss: 5.2787 | lr: 2.99e-04
  Batch  640/787 | loss: 5.3143 | lr: 2.99e-04
  Batch  660/787 | loss: 5.2063 | lr: 2.99e-04
  Batch  680/787 | loss: 5.3233 | lr: 2.99e-04
  Batch  700/787 | loss: 5.0434 | lr: 2.99e-04
  Batch  720/787 | loss: 5.0638 | lr: 2.99e-04
  Batch  740/787 | loss: 5.1887 | lr: 2.99e-04
  Batch  760/787 | loss: 5.3251 | lr: 2.99e-04
  Batch  780/787 | loss: 5.2286 | lr: 2.99e-04
  Train loss: 5.2804  |  Val loss: 5.2431
  ★ Saved new best model!

── Epoch 5/30 ──
  Batch    0/787 | loss: 5.4684 | lr: 2.99e-04
  Batch   20/787 | loss: 5.4217 | lr: 2.99e-04
  Batch   40/787 | loss: 5.3041 | lr: 2.99e-04Warning: Xing stream size off by more than 1%, fuzzy seeking may be even more fuzzy than by design!
Warning: Xing stream size off by more than 1%, fuzzy seeking may be even more fuzzy than by design!
[src/libmpg123/layer3.c:INT123_do_layer3():1844] error: dequantization failed!
Warning: Xing stream size off by more than 1%, fuzzy seeking may be even more fuzzy than by design!
Warning: Xing stream size off by more than 1%, fuzzy seeking may be even more fuzzy than by design!
Warning: Xing stream size off by more than 1%, fuzzy seeking may be even more fuzzy than by design!
Warning: Xing stream size off by more than 1%, fuzzy seeking may be even more fuzzy than by design!
Warning: Xing stream size off by more than 1%, fuzzy seeking may be even more fuzzy than by design!
Warning: Xing stream size off by more than 1%, fuzzy seeking may be even more fuzzy than by design!
[src/libmpg123/layer3.c:INT123_do_layer3():1844] error: dequantization failed!
Warning: Xing stream size off by more than 1%, fuzzy seeking may be even more fuzzy than by design!
Warning: Xing stream size off by more than 1%, fuzzy seeking may be even more fuzzy than by design!
Warning: Xing stream size off by more than 1%, fuzzy seeking may be even more fuzzy than by design!
Warning: Xing stream size off by more than 1%, fuzzy seeking may be even more fuzzy than by design!
Warning: Xing stream size off by more than 1%, fuzzy seeking may be even more fuzzy than by design!
Warning: Xing stream size off by more than 1%, fuzzy seeking may be even more fuzzy than by design!
Warning: Xing stream size off by more than 1%, fuzzy seeking may be even more fuzzy than by design!
Warning: Xing stream size off by more than 1%, fuzzy seeking may be even more fuzzy than by design!
Warning: Xing stream size off by more than 1%, fuzzy seeking may be even more fuzzy than by design!
Warning: Xing stream size off by more than 1%, fuzzy seeking may be even more fuzzy than by design!
Warning: Xing stream size off by more than 1%, fuzzy seeking may be even more fuzzy than by design!
Warning: Xing stream size off by more than 1%, fuzzy seeking may be even more fuzzy than by design!
Note: Illegal Audio-MPEG-Header 0x204f6e65 at offset 94285.
Note: Trying to resync...
Note: Hit end of (available) data during resync.
Warning: Xing stream size off by more than 1%, fuzzy seeking may be even more fuzzy than by design!
Warning: Xing stream size off by more than 1%, fuzzy seeking may be even more fuzzy than by design!
Warning: Xing stream size off by more than 1%, fuzzy seeking may be even more fuzzy than by design!
Warning: Xing stream size off by more than 1%, fuzzy seeking may be even more fuzzy than by design!
Warning: Xing stream size off by more than 1%, fuzzy seeking may be even more fuzzy than by design!
Warning: Xing stream size off by more than 1%, fuzzy seeking may be even more fuzzy than by design!
Warning: Xing stream size off by more than 1%, fuzzy seeking may be even more fuzzy than by design!
Warning: Xing stream size off by more than 1%, fuzzy seeking may be even more fuzzy than by design!
Warning: Xing stream size off by more than 1%, fuzzy seeking may be even more fuzzy than by design!
Warning: Xing stream size off by more than 1%, fuzzy seeking may be even more fuzzy than by design!
Warning: Xing stream size off by more than 1%, fuzzy seeking may be even more fuzzy than by design!
Warning: Xing stream size off by more than 1%, fuzzy seeking may be even more fuzzy than by design!
Warning: Xing stream size off by more than 1%, fuzzy seeking may be even more fuzzy than by design!
Warning: Xing stream size off by more than 1%, fuzzy seeking may be even more fuzzy than by design!
Warning: Xing stream size off by more than 1%, fuzzy seeking may be even more fuzzy than by design!
Warning: Xing stream size off by more than 1%, fuzzy seeking may be even more fuzzy than by design!
[src/libmpg123/layer3.c:INT123_do_layer3():1844] error: dequantization failed!
Warning: Xing stream size off by more than 1%, fuzzy seeking may be even more fuzzy than by design!
[src/libmpg123/layer3.c:INT123_do_layer3():1844] error: dequantization failed!
Warning: Xing stream size off by more than 1%, fuzzy seeking may be even more fuzzy than by design!
Warning: Xing stream size off by more than 1%, fuzzy seeking may be even more fuzzy than by design!
Warning: Xing stream size off by more than 1%, fuzzy seeking may be even more fuzzy than by design!
Warning: Xing stream size off by more than 1%, fuzzy seeking may be even more fuzzy than by design!
Warning: Xing stream size off by more than 1%, fuzzy seeking may be even more fuzzy than by design!
Warning: Xing stream size off by more than 1%, fuzzy seeking may be even more fuzzy than by design!
Warning: Xing stream size off by more than 1%, fuzzy seeking may be even more fuzzy than by design!
Warning: Xing stream size off by more than 1%, fuzzy seeking may be even more fuzzy than by design!
Note: Illegal Audio-MPEG-Header 0x204f6e65 at offset 94285.
Note: Trying to resync...
Note: Hit end of (available) data during resync.
Warning: Xing stream size off by more than 1%, fuzzy seeking may be even more fuzzy than by design!
Warning: Xing stream size off by more than 1%, fuzzy seeking may be even more fuzzy than by design!
Warning: Xing stream size off by more than 1%, fuzzy seeking may be even more fuzzy than by design!
Warning: Xing stream size off by more than 1%, fuzzy seeking may be even more fuzzy than by design!
Warning: Xing stream size off by more than 1%, fuzzy seeking may be even more fuzzy than by design!
Warning: Xing stream size off by more than 1%, fuzzy seeking may be even more fuzzy than by design!
Warning: Xing stream size off by more than 1%, fuzzy seeking may be even more fuzzy than by design!
Warning: Xing stream size off by more than 1%, fuzzy seeking may be even more fuzzy than by design!
Warning: Xing stream size off by more than 1%, fuzzy seeking may be even more fuzzy than by design!
Warning: Xing stream size off by more than 1%, fuzzy seeking may be even more fuzzy than by design!
Warning: Xing stream size off by more than 1%, fuzzy seeking may be even more fuzzy than by design!
Warning: Xing stream size off by more than 1%, fuzzy seeking may be even more fuzzy than by design!
Warning: Xing stream size off by more than 1%, fuzzy seeking may be even more fuzzy than by design!
Warning: Xing stream size off by more than 1%, fuzzy seeking may be even more fuzzy than by design!
Warning: Xing stream size off by more than 1%, fuzzy seeking may be even more fuzzy than by design!
Warning: Xing stream size off by more than 1%, fuzzy seeking may be even more fuzzy than by design!
Warning: Xing stream size off by more than 1%, fuzzy seeking may be even more fuzzy than by design!
Warning: Xing stream size off by more than 1%, fuzzy seeking may be even more fuzzy than by design!
Warning: Xing stream size off by more than 1%, fuzzy seeking may be even more fuzzy than by design!
Warning: Xing stream size off by more than 1%, fuzzy seeking may be even more fuzzy than by design!
Warning: Xing stream size off by more than 1%, fuzzy seeking may be even more fuzzy than by design!
[src/libmpg123/layer3.c:INT123_do_layer3():1844] error: dequantization failed!
Warning: Xing stream size off by more than 1%, fuzzy seeking may be even more fuzzy than by design!
Warning: Xing stream size off by more than 1%, fuzzy seeking may be even more fuzzy than by design!
Warning: Xing stream size off by more than 1%, fuzzy seeking may be even more fuzzy than by design!
[src/libmpg123/layer3.c:INT123_do_layer3():1844] error: dequantization failed!
Warning: Xing stream size off by more than 1%, fuzzy seeking may be even more fuzzy than by design!
Warning: Xing stream size off by more than 1%, fuzzy seeking may be even more fuzzy than by design!
Warning: Xing stream size off by more than 1%, fuzzy seeking may be even more fuzzy than by design!
Warning: Xing stream size off by more than 1%, fuzzy seeking may be even more fuzzy than by design!
[src/libmpg123/layer3.c:INT123_do_layer3():1844] error: dequantization failed!
Warning: Xing stream size off by more than 1%, fuzzy seeking may be even more fuzzy than by design!
Warning: Xing stream size off by more than 1%, fuzzy seeking may be even more fuzzy than by design!
Note: Illegal Audio-MPEG-Header 0x204f6e65 at offset 94285.
Note: Trying to resync...
Note: Hit end of (available) data during resync.
Warning: Xing stream size off by more than 1%, fuzzy seeking may be even more fuzzy than by design!
[src/libmpg123/layer3.c:INT123_do_layer3():1844] error: dequantization failed!
Warning: Xing stream size off by more than 1%, fuzzy seeking may be even more fuzzy than by design!
Warning: Xing stream size off by more than 1%, fuzzy seeking may be even more fuzzy than by design!
Warning: Xing stream size off by more than 1%, fuzzy seeking may be even more fuzzy than by design!
[src/libmpg123/layer3.c:INT123_do_layer3():1844] error: dequantization failed!
[src/libmpg123/layer3.c:INT123_do_layer3():1844] error: dequantization failed!
Warning: Xing stream size off by more than 1%, fuzzy seeking may be even more fuzzy than by design!
Warning: Xing stream size off by more than 1%, fuzzy seeking may be even more fuzzy than by design!
Warning: Xing stream size off by more than 1%, fuzzy seeking may be even more fuzzy than by design!
Warning: Xing stream size off by more than 1%, fuzzy seeking may be even more fuzzy than by design!
Warning: Xing stream size off by more than 1%, fuzzy seeking may be even more fuzzy than by design!
[src/libmpg123/layer3.c:INT123_do_layer3():1844] error: dequantization failed!
Warning: Xing stream size off by more than 1%, fuzzy seeking may be even more fuzzy than by design!
Warning: Xing stream size off by more than 1%, fuzzy seeking may be even more fuzzy than by design!
Warning: Xing stream size off by more than 1%, fuzzy seeking may be even more fuzzy than by design!
Warning: Xing stream size off by more than 1%, fuzzy seeking may be even more fuzzy than by design!
Warning: Xing stream size off by more than 1%, fuzzy seeking may be even more fuzzy than by design!
Warning: Xing stream size off by more than 1%, fuzzy seeking may be even more fuzzy than by design!
Warning: Xing stream size off by more than 1%, fuzzy seeking may be even more fuzzy than by design!
Warning: Xing stream size off by more than 1%, fuzzy seeking may be even more fuzzy than by design!
Warning: Xing stream size off by more than 1%, fuzzy seeking may be even more fuzzy than by design!
Warning: Xing stream size off by more than 1%, fuzzy seeking may be even more fuzzy than by design!
Warning: Xing stream size off by more than 1%, fuzzy seeking may be even more fuzzy than by design!
Warning: Xing stream size off by more than 1%, fuzzy seeking may be even more fuzzy than by design!
Warning: Xing stream size off by more than 1%, fuzzy seeking may be even more fuzzy than by design!
Note: Illegal Audio-MPEG-Header 0x204f6e65 at offset 94285.
Note: Trying to resync...
Note: Hit end of (available) data during resync.
Warning: Xing stream size off by more than 1%, fuzzy seeking may be even more fuzzy than by design!
Warning: Xing stream size off by more than 1%, fuzzy seeking may be even more fuzzy than by design!
Warning: Xing stream size off by more than 1%, fuzzy seeking may be even more fuzzy than by design!
Warning: Xing stream size off by more than 1%, fuzzy seeking may be even more fuzzy than by design!

  Batch   60/787 | loss: 5.3314 | lr: 2.99e-04
  Batch   80/787 | loss: 5.4054 | lr: 2.99e-04
  Batch  100/787 | loss: 5.2779 | lr: 2.99e-04
  Batch  120/787 | loss: 5.3121 | lr: 2.99e-04
  Batch  140/787 | loss: 5.3324 | lr: 2.99e-04
  Batch  160/787 | loss: 5.2120 | lr: 2.99e-04
  Batch  180/787 | loss: 5.3715 | lr: 2.99e-04
  Batch  200/787 | loss: 5.1034 | lr: 2.99e-04
  Batch  220/787 | loss: 5.3063 | lr: 2.98e-04
  Batch  240/787 | loss: 5.0051 | lr: 2.98e-04
  Batch  260/787 | loss: 5.2630 | lr: 2.98e-04
  Batch  280/787 | loss: 5.3310 | lr: 2.98e-04
  Batch  300/787 | loss: 5.3025 | lr: 2.98e-04
  Batch  320/787 | loss: 5.2083 | lr: 2.98e-04
  Batch  340/787 | loss: 5.4592 | lr: 2.98e-04
  Batch  360/787 | loss: 5.1782 | lr: 2.98e-04
  Batch  380/787 | loss: 5.1557 | lr: 2.98e-04
  Batch  400/787 | loss: 5.3280 | lr: 2.98e-04
  Batch  420/787 | loss: 5.2168 | lr: 2.98e-04
  Batch  440/787 | loss: 5.3774 | lr: 2.98e-04
  Batch  460/787 | loss: 5.3878 | lr: 2.98e-04
  Batch  480/787 | loss: 5.3205 | lr: 2.98e-04
  Batch  500/787 | loss: 5.2656 | lr: 2.98e-04
  Batch  520/787 | loss: 5.4842 | lr: 2.97e-04
  Batch  540/787 | loss: 5.3778 | lr: 2.97e-04
  Batch  560/787 | loss: 5.2461 | lr: 2.97e-04
  Batch  580/787 | loss: 5.2002 | lr: 2.97e-04
  Batch  600/787 | loss: 5.0796 | lr: 2.97e-04
  Batch  620/787 | loss: 5.3191 | lr: 2.97e-04
  Batch  640/787 | loss: 4.9925 | lr: 2.97e-04
  Batch  660/787 | loss: 5.1492 | lr: 2.97e-04
  Batch  680/787 | loss: 5.4041 | lr: 2.97e-04
  Batch  700/787 | loss: 5.3206 | lr: 2.97e-04
  Batch  720/787 | loss: 5.3880 | lr: 2.97e-04
  Batch  740/787 | loss: 5.2365 | lr: 2.97e-04
  Batch  760/787 | loss: 5.4276 | lr: 2.96e-04
  Batch  780/787 | loss: 5.3204 | lr: 2.96e-04
  Train loss: 5.2640  |  Val loss: 5.2358
  ★ Saved new best model!
  [Phase 2] Unfreezing backbone for fine-tuning...

── Epoch 6/30 ──
  Batch    0/787 | loss: 5.4421 | lr: 0.00e+00
  Batch   20/787 | loss: 5.3148 | lr: 3.05e-07
  Batch   40/787 | loss: 4.9687 | lr: 6.10e-07
  Batch   60/787 | loss: 5.1920 | lr: 9.16e-07
  Batch   80/787 | loss: 5.4375 | lr: 1.22e-06
  Batch  100/787 | loss: 5.2726 | lr: 1.53e-06
  Batch  120/787 | loss: 5.3928 | lr: 1.83e-06
  Batch  140/787 | loss: 5.4736 | lr: 2.14e-06
  Batch  160/787 | loss: 5.4038 | lr: 2.44e-06
  Batch  180/787 | loss: 5.1780 | lr: 2.75e-06
  Batch  200/787 | loss: 5.1497 | lr: 3.05e-06
  Batch  220/787 | loss: 5.4080 | lr: 3.36e-06
  Batch  240/787 | loss: 5.3377 | lr: 3.66e-06
  Batch  260/787 | loss: 5.2397 | lr: 3.97e-06
  Batch  280/787 | loss: 5.4570 | lr: 4.27e-06
  Batch  300/787 | loss: 5.3820 | lr: 4.58e-06
  Batch  320/787 | loss: 5.3014 | lr: 4.88e-06
  Batch  340/787 | loss: 5.3648 | lr: 5.19e-06
  Batch  360/787 | loss: 5.3256 | lr: 5.49e-06
  Batch  380/787 | loss: 5.2719 | lr: 5.80e-06
  Batch  400/787 | loss: 5.3700 | lr: 6.10e-06
  Batch  420/787 | loss: 5.3142 | lr: 6.41e-06
  Batch  440/787 | loss: 5.2127 | lr: 6.71e-06
  Batch  460/787 | loss: 5.0900 | lr: 7.02e-06
  Batch  480/787 | loss: 5.3587 | lr: 7.32e-06
  Batch  500/787 | loss: 5.0243 | lr: 7.63e-06
  Batch  520/787 | loss: 5.1251 | lr: 7.93e-06
  Batch  540/787 | loss: 5.1888 | lr: 8.24e-06
  Batch  560/787 | loss: 5.3733 | lr: 8.55e-06
  Batch  580/787 | loss: 5.1399 | lr: 8.85e-06
  Batch  600/787 | loss: 5.2063 | lr: 9.16e-06
  Batch  620/787 | loss: 5.3454 | lr: 9.46e-06
  Batch  640/787 | loss: 5.2587 | lr: 9.77e-06
  Batch  660/787 | loss: 5.2107 | lr: 1.01e-05
  Batch  680/787 | loss: 5.3287 | lr: 1.04e-05
  Batch  700/787 | loss: 5.2465 | lr: 1.07e-05
  Batch  720/787 | loss: 5.0940 | lr: 1.10e-05
  Batch  740/787 | loss: 5.2853 | lr: 1.13e-05
  Batch  760/787 | loss: 5.1222 | lr: 1.16e-05
  Batch  780/787 | loss: 5.1795 | lr: 1.19e-05
  Train loss: 5.2457  |  Val loss: 5.2270
  ★ Saved new best model!

── Epoch 7/30 ──
  Batch    0/787 | loss: 5.2180 | lr: 1.20e-05
  Batch   20/787 | loss: 5.3565 | lr: 1.23e-05
  Batch   40/787 | loss: 5.3137 | lr: 1.26e-05
  Batch   60/787 | loss: 5.3555 | lr: 1.29e-05
  Batch   80/787 | loss: 5.1217 | lr: 1.32e-05
  Batch  100/787 | loss: 5.3800 | lr: 1.36e-05
  Batch  120/787 | loss: 5.1683 | lr: 1.39e-05
  Batch  140/787 | loss: 4.9772 | lr: 1.42e-05
  Batch  160/787 | loss: 5.2592 | lr: 1.45e-05
  Batch  180/787 | loss: 5.3266 | lr: 1.48e-05
  Batch  200/787 | loss: 5.2956 | lr: 1.51e-05
  Batch  220/787 | loss: 5.1749 | lr: 1.54e-05
  Batch  240/787 | loss: 5.3642 | lr: 1.57e-05
  Batch  260/787 | loss: 5.2633 | lr: 1.60e-05
  Batch  280/787 | loss: 5.2417 | lr: 1.63e-05
  Batch  300/787 | loss: 5.3517 | lr: 1.66e-05
  Batch  320/787 | loss: 4.8621 | lr: 1.69e-05
  Batch  340/787 | loss: 5.2928 | lr: 1.72e-05
  Batch  360/787 | loss: 5.1537 | lr: 1.75e-05
  Batch  380/787 | loss: 5.1837 | lr: 1.78e-05
  Batch  400/787 | loss: 5.2237 | lr: 1.81e-05
  Batch  420/787 | loss: 5.1456 | lr: 1.84e-05
  Batch  440/787 | loss: 5.3368 | lr: 1.87e-05
  Batch  460/787 | loss: 5.3704 | lr: 1.90e-05
  Batch  480/787 | loss: 5.3978 | lr: 1.93e-05
  Batch  500/787 | loss: 5.3442 | lr: 1.97e-05
  Batch  520/787 | loss: 5.4297 | lr: 2.00e-05
  Batch  540/787 | loss: 5.3813 | lr: 2.03e-05
  Batch  560/787 | loss: 5.2285 | lr: 2.06e-05
  Batch  580/787 | loss: 5.2550 | lr: 2.09e-05
  Batch  600/787 | loss: 5.3717 | lr: 2.12e-05
  Batch  620/787 | loss: 5.1325 | lr: 2.15e-05
  Batch  640/787 | loss: 5.1887 | lr: 2.18e-05
  Batch  660/787 | loss: 5.3296 | lr: 2.21e-05
  Batch  680/787 | loss: 5.0566 | lr: 2.24e-05
  Batch  700/787 | loss: 4.9708 | lr: 2.27e-05
  Batch  720/787 | loss: 5.1802 | lr: 2.30e-05
  Batch  740/787 | loss: 5.3363 | lr: 2.33e-05
  Batch  760/787 | loss: 5.1535 | lr: 2.36e-05
  Batch  780/787 | loss: 5.1946 | lr: 2.39e-05
  Train loss: 5.2249  |  Val loss: 5.2279
  No improvement (1/10)

── Epoch 8/30 ──
  Batch    0/787 | loss: 5.1315 | lr: 2.40e-05
  Batch   20/787 | loss: 5.2804 | lr: 2.44e-05
  Batch   40/787 | loss: 5.0605 | lr: 2.47e-05
  Batch   60/787 | loss: 5.0990 | lr: 2.50e-05
  Batch   80/787 | loss: 5.1582 | lr: 2.53e-05
  Batch  100/787 | loss: 5.3723 | lr: 2.56e-05
  Batch  120/787 | loss: 5.2759 | lr: 2.59e-05
  Batch  140/787 | loss: 5.3520 | lr: 2.62e-05
  Batch  160/787 | loss: 5.3326 | lr: 2.65e-05
  Batch  180/787 | loss: 5.3141 | lr: 2.68e-05
  Batch  200/787 | loss: 5.0744 | lr: 2.71e-05
  Batch  220/787 | loss: 5.3059 | lr: 2.74e-05
  Batch  240/787 | loss: 5.2584 | lr: 2.77e-05
  Batch  260/787 | loss: 5.3774 | lr: 2.80e-05
  Batch  280/787 | loss: 5.0985 | lr: 2.83e-05
  Batch  300/787 | loss: 5.0229 | lr: 2.86e-05
  Batch  320/787 | loss: 5.0208 | lr: 2.89e-05
  Batch  340/787 | loss: 5.3145 | lr: 2.92e-05
  Batch  360/787 | loss: 5.1719 | lr: 2.95e-05
  Batch  380/787 | loss: 5.3612 | lr: 2.98e-05
  Batch  400/787 | loss: 5.3511 | lr: 3.00e-05
  Batch  420/787 | loss: 5.1531 | lr: 3.00e-05
  Batch  440/787 | loss: 5.1346 | lr: 3.00e-05
  Batch  460/787 | loss: 5.1671 | lr: 3.00e-05
  Batch  480/787 | loss: 5.2500 | lr: 3.00e-05
  Batch  500/787 | loss: 5.3894 | lr: 3.00e-05
  Batch  520/787 | loss: 5.2086 | lr: 3.00e-05
  Batch  540/787 | loss: 4.9799 | lr: 3.00e-05
  Batch  560/787 | loss: 5.1997 | lr: 3.00e-05
  Batch  580/787 | loss: 5.2670 | lr: 3.00e-05
  Batch  600/787 | loss: 5.2179 | lr: 3.00e-05
  Batch  620/787 | loss: 5.2866 | lr: 3.00e-05
  Batch  640/787 | loss: 5.2884 | lr: 3.00e-05
  Batch  660/787 | loss: 5.0247 | lr: 3.00e-05
  Batch  680/787 | loss: 5.1229 | lr: 3.00e-05
  Batch  700/787 | loss: 5.1080 | lr: 3.00e-05
  Batch  720/787 | loss: 4.7684 | lr: 3.00e-05
  Batch  740/787 | loss: 5.2833 | lr: 3.00e-05
  Batch  760/787 | loss: 5.1640 | lr: 3.00e-05
  Batch  780/787 | loss: 5.1607 | lr: 3.00e-05
  Train loss: 5.1988  |  Val loss: 5.2249
  ★ Saved new best model!

── Epoch 9/30 ──
  Batch    0/787 | loss: 5.2137 | lr: 3.00e-05
  Batch   20/787 | loss: 5.2660 | lr: 3.00e-05
  Batch   40/787 | loss: 5.0710 | lr: 3.00e-05
  Batch   60/787 | loss: 5.2895 | lr: 3.00e-05
  Batch   80/787 | loss: 5.1661 | lr: 3.00e-05
  Batch  100/787 | loss: 5.3895 | lr: 2.99e-05
  Batch  120/787 | loss: 5.3096 | lr: 2.99e-05
  Batch  140/787 | loss: 5.2992 | lr: 2.99e-05
  Batch  160/787 | loss: 5.2092 | lr: 2.99e-05Warning: Xing stream size off by more than 1%, fuzzy seeking may be even more fuzzy than by design!
Warning: Xing stream size off by more than 1%, fuzzy seeking may be even more fuzzy than by design!
Warning: Xing stream size off by more than 1%, fuzzy seeking may be even more fuzzy than by design!
Warning: Xing stream size off by more than 1%, fuzzy seeking may be even more fuzzy than by design!
[src/libmpg123/layer3.c:INT123_do_layer3():1844] error: dequantization failed!
Warning: Xing stream size off by more than 1%, fuzzy seeking may be even more fuzzy than by design!
Warning: Xing stream size off by more than 1%, fuzzy seeking may be even more fuzzy than by design!
Warning: Xing stream size off by more than 1%, fuzzy seeking may be even more fuzzy than by design!
Warning: Xing stream size off by more than 1%, fuzzy seeking may be even more fuzzy than by design!
Warning: Xing stream size off by more than 1%, fuzzy seeking may be even more fuzzy than by design!
[src/libmpg123/layer3.c:INT123_do_layer3():1844] error: dequantization failed!
Warning: Xing stream size off by more than 1%, fuzzy seeking may be even more fuzzy than by design!
Warning: Xing stream size off by more than 1%, fuzzy seeking may be even more fuzzy than by design!
[src/libmpg123/layer3.c:INT123_do_layer3():1844] error: dequantization failed!
Warning: Xing stream size off by more than 1%, fuzzy seeking may be even more fuzzy than by design!
Warning: Xing stream size off by more than 1%, fuzzy seeking may be even more fuzzy than by design!
Warning: Xing stream size off by more than 1%, fuzzy seeking may be even more fuzzy than by design!
Warning: Xing stream size off by more than 1%, fuzzy seeking may be even more fuzzy than by design!
Warning: Xing stream size off by more than 1%, fuzzy seeking may be even more fuzzy than by design!
Warning: Xing stream size off by more than 1%, fuzzy seeking may be even more fuzzy than by design!
Warning: Xing stream size off by more than 1%, fuzzy seeking may be even more fuzzy than by design!
Warning: Xing stream size off by more than 1%, fuzzy seeking may be even more fuzzy than by design!
[src/libmpg123/layer3.c:INT123_do_layer3():1844] error: dequantization failed!
Warning: Xing stream size off by more than 1%, fuzzy seeking may be even more fuzzy than by design!
Note: Illegal Audio-MPEG-Header 0x204f6e65 at offset 94285.
Note: Trying to resync...
Note: Hit end of (available) data during resync.
Warning: Xing stream size off by more than 1%, fuzzy seeking may be even more fuzzy than by design!
Warning: Xing stream size off by more than 1%, fuzzy seeking may be even more fuzzy than by design!
Warning: Xing stream size off by more than 1%, fuzzy seeking may be even more fuzzy than by design!
Warning: Xing stream size off by more than 1%, fuzzy seeking may be even more fuzzy than by design!
Warning: Xing stream size off by more than 1%, fuzzy seeking may be even more fuzzy than by design!
Warning: Xing stream size off by more than 1%, fuzzy seeking may be even more fuzzy than by design!
Warning: Xing stream size off by more than 1%, fuzzy seeking may be even more fuzzy than by design!
Warning: Xing stream size off by more than 1%, fuzzy seeking may be even more fuzzy than by design!
Warning: Xing stream size off by more than 1%, fuzzy seeking may be even more fuzzy than by design!
Warning: Xing stream size off by more than 1%, fuzzy seeking may be even more fuzzy than by design!
Warning: Xing stream size off by more than 1%, fuzzy seeking may be even more fuzzy than by design!
Warning: Xing stream size off by more than 1%, fuzzy seeking may be even more fuzzy than by design!
Warning: Xing stream size off by more than 1%, fuzzy seeking may be even more fuzzy than by design!
Warning: Xing stream size off by more than 1%, fuzzy seeking may be even more fuzzy than by design!
Warning: Xing stream size off by more than 1%, fuzzy seeking may be even more fuzzy than by design!
Warning: Xing stream size off by more than 1%, fuzzy seeking may be even more fuzzy than by design!
[src/libmpg123/layer3.c:INT123_do_layer3():1844] error: dequantization failed!
Warning: Xing stream size off by more than 1%, fuzzy seeking may be even more fuzzy than by design!
Warning: Xing stream size off by more than 1%, fuzzy seeking may be even more fuzzy than by design!
Warning: Xing stream size off by more than 1%, fuzzy seeking may be even more fuzzy than by design!
[src/libmpg123/layer3.c:INT123_do_layer3():1844] error: dequantization failed!
[src/libmpg123/layer3.c:INT123_do_layer3():1844] error: dequantization failed!
Warning: Xing stream size off by more than 1%, fuzzy seeking may be even more fuzzy than by design!
[src/libmpg123/layer3.c:INT123_do_layer3():1844] error: dequantization failed!
Warning: Xing stream size off by more than 1%, fuzzy seeking may be even more fuzzy than by design!
Warning: Xing stream size off by more than 1%, fuzzy seeking may be even more fuzzy than by design!
Warning: Xing stream size off by more than 1%, fuzzy seeking may be even more fuzzy than by design!
Warning: Xing stream size off by more than 1%, fuzzy seeking may be even more fuzzy than by design!
[src/libmpg123/layer3.c:INT123_do_layer3():1844] error: dequantization failed!
Warning: Xing stream size off by more than 1%, fuzzy seeking may be even more fuzzy than by design!
Warning: Xing stream size off by more than 1%, fuzzy seeking may be even more fuzzy than by design!
Warning: Xing stream size off by more than 1%, fuzzy seeking may be even more fuzzy than by design!
[src/libmpg123/layer3.c:INT123_do_layer3():1844] error: dequantization failed!
Note: Illegal Audio-MPEG-Header 0x204f6e65 at offset 94285.
Note: Trying to resync...
Note: Hit end of (available) data during resync.
Warning: Xing stream size off by more than 1%, fuzzy seeking may be even more fuzzy than by design!
Warning: Xing stream size off by more than 1%, fuzzy seeking may be even more fuzzy than by design!
Warning: Xing stream size off by more than 1%, fuzzy seeking may be even more fuzzy than by design!
Warning: Xing stream size off by more than 1%, fuzzy seeking may be even more fuzzy than by design!
Warning: Xing stream size off by more than 1%, fuzzy seeking may be even more fuzzy than by design!
Warning: Xing stream size off by more than 1%, fuzzy seeking may be even more fuzzy than by design!
Warning: Xing stream size off by more than 1%, fuzzy seeking may be even more fuzzy than by design!
Warning: Xing stream size off by more than 1%, fuzzy seeking may be even more fuzzy than by design!
Warning: Xing stream size off by more than 1%, fuzzy seeking may be even more fuzzy than by design!
Warning: Xing stream size off by more than 1%, fuzzy seeking may be even more fuzzy than by design!
Warning: Xing stream size off by more than 1%, fuzzy seeking may be even more fuzzy than by design!
Warning: Xing stream size off by more than 1%, fuzzy seeking may be even more fuzzy than by design!
Warning: Xing stream size off by more than 1%, fuzzy seeking may be even more fuzzy than by design!
Warning: Xing stream size off by more than 1%, fuzzy seeking may be even more fuzzy than by design!
[src/libmpg123/layer3.c:INT123_do_layer3():1844] error: dequantization failed!
[src/libmpg123/layer3.c:INT123_do_layer3():1844] error: dequantization failed!
Warning: Xing stream size off by more than 1%, fuzzy seeking may be even more fuzzy than by design!
Warning: Xing stream size off by more than 1%, fuzzy seeking may be even more fuzzy than by design!
Warning: Xing stream size off by more than 1%, fuzzy seeking may be even more fuzzy than by design!
Warning: Xing stream size off by more than 1%, fuzzy seeking may be even more fuzzy than by design!
Warning: Xing stream size off by more than 1%, fuzzy seeking may be even more fuzzy than by design!
Warning: Xing stream size off by more than 1%, fuzzy seeking may be even more fuzzy than by design!
Warning: Xing stream size off by more than 1%, fuzzy seeking may be even more fuzzy than by design!
Warning: Xing stream size off by more than 1%, fuzzy seeking may be even more fuzzy than by design!
Warning: Xing stream size off by more than 1%, fuzzy seeking may be even more fuzzy than by design!
Warning: Xing stream size off by more than 1%, fuzzy seeking may be even more fuzzy than by design!
Warning: Xing stream size off by more than 1%, fuzzy seeking may be even more fuzzy than by design!
Warning: Xing stream size off by more than 1%, fuzzy seeking may be even more fuzzy than by design!
Warning: Xing stream size off by more than 1%, fuzzy seeking may be even more fuzzy than by design!
[src/libmpg123/layer3.c:INT123_do_layer3():1844] error: dequantization failed!
Warning: Xing stream size off by more than 1%, fuzzy seeking may be even more fuzzy than by design!
Warning: Xing stream size off by more than 1%, fuzzy seeking may be even more fuzzy than by design!
Warning: Xing stream size off by more than 1%, fuzzy seeking may be even more fuzzy than by design!
Note: Illegal Audio-MPEG-Header 0x204f6e65 at offset 94285.
Note: Trying to resync...
Note: Hit end of (available) data during resync.
Warning: Xing stream size off by more than 1%, fuzzy seeking may be even more fuzzy than by design!
Warning: Xing stream size off by more than 1%, fuzzy seeking may be even more fuzzy than by design!
[src/libmpg123/layer3.c:INT123_do_layer3():1844] error: dequantization failed!
Warning: Xing stream size off by more than 1%, fuzzy seeking may be even more fuzzy than by design!
Warning: Xing stream size off by more than 1%, fuzzy seeking may be even more fuzzy than by design!
Warning: Xing stream size off by more than 1%, fuzzy seeking may be even more fuzzy than by design!
Warning: Xing stream size off by more than 1%, fuzzy seeking may be even more fuzzy than by design!
Warning: Xing stream size off by more than 1%, fuzzy seeking may be even more fuzzy than by design!
Warning: Xing stream size off by more than 1%, fuzzy seeking may be even more fuzzy than by design!
Warning: Xing stream size off by more than 1%, fuzzy seeking may be even more fuzzy than by design!
[src/libmpg123/layer3.c:INT123_do_layer3():1844] error: dequantization failed!
[src/libmpg123/layer3.c:INT123_do_layer3():1844] error: dequantization failed!
Warning: Xing stream size off by more than 1%, fuzzy seeking may be even more fuzzy than by design!
Warning: Xing stream size off by more than 1%, fuzzy seeking may be even more fuzzy than by design!
Warning: Xing stream size off by more than 1%, fuzzy seeking may be even more fuzzy than by design!
Warning: Xing stream size off by more than 1%, fuzzy seeking may be even more fuzzy than by design!
Warning: Xing stream size off by more than 1%, fuzzy seeking may be even more fuzzy than by design!
Warning: Xing stream size off by more than 1%, fuzzy seeking may be even more fuzzy than by design!
Warning: Xing stream size off by more than 1%, fuzzy seeking may be even more fuzzy than by design!
Warning: Xing stream size off by more than 1%, fuzzy seeking may be even more fuzzy than by design!
Warning: Xing stream size off by more than 1%, fuzzy seeking may be even more fuzzy than by design!
Warning: Xing stream size off by more than 1%, fuzzy seeking may be even more fuzzy than by design!
Warning: Xing stream size off by more than 1%, fuzzy seeking may be even more fuzzy than by design!
Warning: Xing stream size off by more than 1%, fuzzy seeking may be even more fuzzy than by design!
Warning: Xing stream size off by more than 1%, fuzzy seeking may be even more fuzzy than by design!
[src/libmpg123/layer3.c:INT123_do_layer3():1844] error: dequantization failed!
Warning: Xing stream size off by more than 1%, fuzzy seeking may be even more fuzzy than by design!
[src/libmpg123/layer3.c:INT123_do_layer3():1844] error: dequantization failed!
Note: Illegal Audio-MPEG-Header 0x204f6e65 at offset 94285.
Note: Trying to resync...
Note: Hit end of (available) data during resync.
Warning: Xing stream size off by more than 1%, fuzzy seeking may be even more fuzzy than by design!
Warning: Xing stream size off by more than 1%, fuzzy seeking may be even more fuzzy than by design!
Warning: Xing stream size off by more than 1%, fuzzy seeking may be even more fuzzy than by design!
Warning: Xing stream size off by more than 1%, fuzzy seeking may be even more fuzzy than by design!
[src/libmpg123/layer3.c:INT123_do_layer3():1844] error: dequantization failed!
Warning: Xing stream size off by more than 1%, fuzzy seeking may be even more fuzzy than by design!
Warning: Xing stream size off by more than 1%, fuzzy seeking may be even more fuzzy than by design!
Warning: Xing stream size off by more than 1%, fuzzy seeking may be even more fuzzy than by design!
Warning: Xing stream size off by more than 1%, fuzzy seeking may be even more fuzzy than by design!
Warning: Xing stream size off by more than 1%, fuzzy seeking may be even more fuzzy than by design!
Warning: Xing stream size off by more than 1%, fuzzy seeking may be even more fuzzy than by design!
Warning: Xing stream size off by more than 1%, fuzzy seeking may be even more fuzzy than by design!
[src/libmpg123/layer3.c:INT123_do_layer3():1844] error: dequantization failed!
Warning: Xing stream size off by more than 1%, fuzzy seeking may be even more fuzzy than by design!
Warning: Xing stream size off by more than 1%, fuzzy seeking may be even more fuzzy than by design!
Warning: Xing stream size off by more than 1%, fuzzy seeking may be even more fuzzy than by design!
Warning: Xing stream size off by more than 1%, fuzzy seeking may be even more fuzzy than by design!

  Batch  180/787 | loss: 4.9683 | lr: 2.99e-05
  Batch  200/787 | loss: 5.1722 | lr: 2.99e-05
  Batch  220/787 | loss: 5.2918 | lr: 2.99e-05
  Batch  240/787 | loss: 5.1928 | lr: 2.99e-05
  Batch  260/787 | loss: 4.9545 | lr: 2.99e-05
  Batch  280/787 | loss: 4.7990 | lr: 2.99e-05
  Batch  300/787 | loss: 5.2616 | lr: 2.99e-05
  Batch  320/787 | loss: 5.2137 | lr: 2.99e-05
  Batch  340/787 | loss: 5.0391 | lr: 2.99e-05
  Batch  360/787 | loss: 5.0879 | lr: 2.99e-05
  Batch  380/787 | loss: 5.2703 | lr: 2.99e-05
  Batch  400/787 | loss: 5.1895 | lr: 2.99e-05
  Batch  420/787 | loss: 5.3017 | lr: 2.99e-05
  Batch  440/787 | loss: 5.2092 | lr: 2.99e-05
  Batch  460/787 | loss: 5.2034 | lr: 2.98e-05
  Batch  480/787 | loss: 5.2228 | lr: 2.98e-05
  Batch  500/787 | loss: 5.3754 | lr: 2.98e-05
  Batch  520/787 | loss: 5.2084 | lr: 2.98e-05
  Batch  540/787 | loss: 5.0705 | lr: 2.98e-05
  Batch  560/787 | loss: 5.1873 | lr: 2.98e-05
  Batch  580/787 | loss: 5.3900 | lr: 2.98e-05
  Batch  600/787 | loss: 5.1768 | lr: 2.98e-05
  Batch  620/787 | loss: 5.1295 | lr: 2.98e-05
  Batch  640/787 | loss: 5.2969 | lr: 2.98e-05
  Batch  660/787 | loss: 5.0913 | lr: 2.98e-05
  Batch  680/787 | loss: 4.8745 | lr: 2.98e-05
  Batch  700/787 | loss: 5.2765 | lr: 2.97e-05
  Batch  720/787 | loss: 5.2207 | lr: 2.97e-05
  Batch  740/787 | loss: 5.1720 | lr: 2.97e-05
  Batch  760/787 | loss: 5.2356 | lr: 2.97e-05
  Batch  780/787 | loss: 5.2756 | lr: 2.97e-05
  Train loss: 5.1811  |  Val loss: 5.2040
  ★ Saved new best model!

── Epoch 10/30 ──
  Batch    0/787 | loss: 5.3368 | lr: 2.97e-05
  Batch   20/787 | loss: 4.9884 | lr: 2.97e-05
  Batch   40/787 | loss: 5.1870 | lr: 2.97e-05
  Batch   60/787 | loss: 5.0524 | lr: 2.97e-05
  Batch   80/787 | loss: 5.3823 | lr: 2.97e-05
  Batch  100/787 | loss: 5.1890 | lr: 2.97e-05
  Batch  120/787 | loss: 5.1153 | lr: 2.96e-05
  Batch  140/787 | loss: 5.2851 | lr: 2.96e-05
  Batch  160/787 | loss: 5.1810 | lr: 2.96e-05
  Batch  180/787 | loss: 4.8402 | lr: 2.96e-05
  Batch  200/787 | loss: 5.0315 | lr: 2.96e-05
  Batch  220/787 | loss: 5.2453 | lr: 2.96e-05
  Batch  240/787 | loss: 5.2888 | lr: 2.96e-05
  Batch  260/787 | loss: 4.9494 | lr: 2.96e-05
  Batch  280/787 | loss: 5.2517 | lr: 2.95e-05
  Batch  300/787 | loss: 4.9536 | lr: 2.95e-05
  Batch  320/787 | loss: 5.0626 | lr: 2.95e-05
  Batch  340/787 | loss: 5.2033 | lr: 2.95e-05
  Batch  360/787 | loss: 5.1488 | lr: 2.95e-05
  Batch  380/787 | loss: 4.9796 | lr: 2.95e-05
  Batch  400/787 | loss: 5.3438 | lr: 2.95e-05
  Batch  420/787 | loss: 5.3154 | lr: 2.95e-05
  Batch  440/787 | loss: 5.0299 | lr: 2.94e-05
  Batch  460/787 | loss: 4.9396 | lr: 2.94e-05
  Batch  480/787 | loss: 5.0718 | lr: 2.94e-05
  Batch  500/787 | loss: 5.3567 | lr: 2.94e-05
  Batch  520/787 | loss: 5.1771 | lr: 2.94e-05
  Batch  540/787 | loss: 5.2126 | lr: 2.94e-05
  Batch  560/787 | loss: 5.0420 | lr: 2.94e-05
  Batch  580/787 | loss: 5.2375 | lr: 2.93e-05
  Batch  600/787 | loss: 5.0241 | lr: 2.93e-05
  Batch  620/787 | loss: 5.1162 | lr: 2.93e-05
  Batch  640/787 | loss: 4.9849 | lr: 2.93e-05
  Batch  660/787 | loss: 5.1806 | lr: 2.93e-05
  Batch  680/787 | loss: 5.0263 | lr: 2.93e-05
  Batch  700/787 | loss: 5.1415 | lr: 2.93e-05
  Batch  720/787 | loss: 5.2402 | lr: 2.92e-05
  Batch  740/787 | loss: 5.2242 | lr: 2.92e-05
  Batch  760/787 | loss: 5.0768 | lr: 2.92e-05
  Batch  780/787 | loss: 5.1987 | lr: 2.92e-05
  Train loss: 5.1639  |  Val loss: 5.2058
  No improvement (1/10)

── Epoch 11/30 ──
  Batch    0/787 | loss: 5.0076 | lr: 2.92e-05
  Batch   20/787 | loss: 5.3611 | lr: 2.92e-05
  Batch   40/787 | loss: 5.2064 | lr: 2.91e-05
  Batch   60/787 | loss: 5.3544 | lr: 2.91e-05
  Batch   80/787 | loss: 5.1371 | lr: 2.91e-05
  Batch  100/787 | loss: 5.1086 | lr: 2.91e-05
  Batch  120/787 | loss: 5.0988 | lr: 2.91e-05
  Batch  140/787 | loss: 4.9518 | lr: 2.91e-05
  Batch  160/787 | loss: 5.3382 | lr: 2.90e-05
  Batch  180/787 | loss: 5.1313 | lr: 2.90e-05
  Batch  200/787 | loss: 5.1691 | lr: 2.90e-05
  Batch  220/787 | loss: 5.4459 | lr: 2.90e-05
  Batch  240/787 | loss: 5.3213 | lr: 2.90e-05
  Batch  260/787 | loss: 5.2327 | lr: 2.90e-05
  Batch  280/787 | loss: 5.0310 | lr: 2.89e-05
  Batch  300/787 | loss: 5.1578 | lr: 2.89e-05
  Batch  320/787 | loss: 5.2178 | lr: 2.89e-05
  Batch  340/787 | loss: 5.1778 | lr: 2.89e-05
  Batch  360/787 | loss: 5.1351 | lr: 2.89e-05
  Batch  380/787 | loss: 5.1155 | lr: 2.88e-05
  Batch  400/787 | loss: 5.2926 | lr: 2.88e-05
  Batch  420/787 | loss: 4.8532 | lr: 2.88e-05
  Batch  440/787 | loss: 4.6249 | lr: 2.88e-05
  Batch  460/787 | loss: 5.2543 | lr: 2.88e-05
  Batch  480/787 | loss: 4.9834 | lr: 2.87e-05
  Batch  500/787 | loss: 5.1888 | lr: 2.87e-05
  Batch  520/787 | loss: 4.9689 | lr: 2.87e-05
  Batch  540/787 | loss: 5.3127 | lr: 2.87e-05
  Batch  560/787 | loss: 5.3518 | lr: 2.87e-05
  Batch  580/787 | loss: 5.2976 | lr: 2.86e-05
  Batch  600/787 | loss: 5.1373 | lr: 2.86e-05
  Batch  620/787 | loss: 5.2704 | lr: 2.86e-05
  Batch  640/787 | loss: 4.9920 | lr: 2.86e-05
  Batch  660/787 | loss: 5.1329 | lr: 2.86e-05
  Batch  680/787 | loss: 5.4335 | lr: 2.85e-05
  Batch  700/787 | loss: 5.2188 | lr: 2.85e-05
  Batch  720/787 | loss: 5.2313 | lr: 2.85e-05
  Batch  740/787 | loss: 5.3199 | lr: 2.85e-05
  Batch  760/787 | loss: 5.0147 | lr: 2.84e-05
  Batch  780/787 | loss: 5.3802 | lr: 2.84e-05
  Train loss: 5.1481  |  Val loss: 5.2097
  No improvement (2/10)

── Epoch 12/30 ──
  Batch    0/787 | loss: 5.3151 | lr: 2.84e-05
  Batch   20/787 | loss: 5.0743 | lr: 2.84e-05
  Batch   40/787 | loss: 5.3023 | lr: 2.84e-05
  Batch   60/787 | loss: 5.3118 | lr: 2.83e-05
  Batch   80/787 | loss: 5.1452 | lr: 2.83e-05
  Batch  100/787 | loss: 5.2540 | lr: 2.83e-05
  Batch  120/787 | loss: 5.2304 | lr: 2.83e-05
  Batch  140/787 | loss: 5.0411 | lr: 2.82e-05
  Batch  160/787 | loss: 5.0826 | lr: 2.82e-05
  Batch  180/787 | loss: 5.2645 | lr: 2.82e-05
  Batch  200/787 | loss: 5.0744 | lr: 2.82e-05
  Batch  220/787 | loss: 5.2649 | lr: 2.82e-05
  Batch  240/787 | loss: 5.1928 | lr: 2.81e-05
  Batch  260/787 | loss: 5.1212 | lr: 2.81e-05
  Batch  280/787 | loss: 5.1885 | lr: 2.81e-05
  Batch  300/787 | loss: 5.1624 | lr: 2.81e-05
  Batch  320/787 | loss: 5.2517 | lr: 2.80e-05
  Batch  340/787 | loss: 5.2630 | lr: 2.80e-05
  Batch  360/787 | loss: 5.0006 | lr: 2.80e-05
  Batch  380/787 | loss: 5.0776 | lr: 2.80e-05
  Batch  400/787 | loss: 5.3674 | lr: 2.79e-05
  Batch  420/787 | loss: 5.0776 | lr: 2.79e-05
  Batch  440/787 | loss: 5.2169 | lr: 2.79e-05
  Batch  460/787 | loss: 5.0619 | lr: 2.79e-05
  Batch  480/787 | loss: 5.2133 | lr: 2.78e-05
  Batch  500/787 | loss: 5.0091 | lr: 2.78e-05
  Batch  520/787 | loss: 5.1838 | lr: 2.78e-05
  Batch  540/787 | loss: 5.1228 | lr: 2.77e-05
  Batch  560/787 | loss: 5.0069 | lr: 2.77e-05
  Batch  580/787 | loss: 5.1319 | lr: 2.77e-05
  Batch  600/787 | loss: 5.0602 | lr: 2.77e-05
  Batch  620/787 | loss: 5.0704 | lr: 2.76e-05
  Batch  640/787 | loss: 5.2490 | lr: 2.76e-05
  Batch  660/787 | loss: 4.9867 | lr: 2.76e-05
  Batch  680/787 | loss: 5.2617 | lr: 2.76e-05
  Batch  700/787 | loss: 5.1702 | lr: 2.75e-05
  Batch  720/787 | loss: 5.1462 | lr: 2.75e-05
  Batch  740/787 | loss: 5.3664 | lr: 2.75e-05
  Batch  760/787 | loss: 5.0362 | lr: 2.74e-05
  Batch  780/787 | loss: 5.2896 | lr: 2.74e-05
  Train loss: 5.1368  |  Val loss: 5.2010
  ★ Saved new best model!

── Epoch 13/30 ──
  Batch    0/787 | loss: 4.9140 | lr: 2.74e-05
  Batch   20/787 | loss: 5.3262 | lr: 2.74e-05
  Batch   40/787 | loss: 5.2256 | lr: 2.74e-05
  Batch   60/787 | loss: 5.0290 | lr: 2.73e-05
  Batch   80/787 | loss: 4.7658 | lr: 2.73e-05
  Batch  100/787 | loss: 5.3444 | lr: 2.73e-05
  Batch  120/787 | loss: 5.1677 | lr: 2.72e-05
  Batch  140/787 | loss: 5.2043 | lr: 2.72e-05
  Batch  160/787 | loss: 5.1041 | lr: 2.72e-05
  Batch  180/787 | loss: 5.2792 | lr: 2.72e-05
  Batch  200/787 | loss: 5.0389 | lr: 2.71e-05
  Batch  220/787 | loss: 5.1695 | lr: 2.71e-05
  Batch  240/787 | loss: 5.4349 | lr: 2.71e-05
  Batch  260/787 | loss: 4.9995 | lr: 2.70e-05
  Batch  280/787 | loss: 4.9107 | lr: 2.70e-05
  Batch  300/787 | loss: 5.1489 | lr: 2.70e-05Warning: Xing stream size off by more than 1%, fuzzy seeking may be even more fuzzy than by design!
Warning: Xing stream size off by more than 1%, fuzzy seeking may be even more fuzzy than by design!
Warning: Xing stream size off by more than 1%, fuzzy seeking may be even more fuzzy than by design!
[src/libmpg123/layer3.c:INT123_do_layer3():1844] error: dequantization failed!
Warning: Xing stream size off by more than 1%, fuzzy seeking may be even more fuzzy than by design!
Warning: Xing stream size off by more than 1%, fuzzy seeking may be even more fuzzy than by design!
Warning: Xing stream size off by more than 1%, fuzzy seeking may be even more fuzzy than by design!
[src/libmpg123/layer3.c:INT123_do_layer3():1844] error: dequantization failed!
[src/libmpg123/layer3.c:INT123_do_layer3():1844] error: dequantization failed!
Warning: Xing stream size off by more than 1%, fuzzy seeking may be even more fuzzy than by design!
Warning: Xing stream size off by more than 1%, fuzzy seeking may be even more fuzzy than by design!
Warning: Xing stream size off by more than 1%, fuzzy seeking may be even more fuzzy than by design!
Warning: Xing stream size off by more than 1%, fuzzy seeking may be even more fuzzy than by design!
Warning: Xing stream size off by more than 1%, fuzzy seeking may be even more fuzzy than by design!
Warning: Xing stream size off by more than 1%, fuzzy seeking may be even more fuzzy than by design!
Warning: Xing stream size off by more than 1%, fuzzy seeking may be even more fuzzy than by design!
Warning: Xing stream size off by more than 1%, fuzzy seeking may be even more fuzzy than by design!
Warning: Xing stream size off by more than 1%, fuzzy seeking may be even more fuzzy than by design!
Warning: Xing stream size off by more than 1%, fuzzy seeking may be even more fuzzy than by design!
Warning: Xing stream size off by more than 1%, fuzzy seeking may be even more fuzzy than by design!
Warning: Xing stream size off by more than 1%, fuzzy seeking may be even more fuzzy than by design!
Warning: Xing stream size off by more than 1%, fuzzy seeking may be even more fuzzy than by design!
Warning: Xing stream size off by more than 1%, fuzzy seeking may be even more fuzzy than by design!
Warning: Xing stream size off by more than 1%, fuzzy seeking may be even more fuzzy than by design!
Note: Illegal Audio-MPEG-Header 0x204f6e65 at offset 94285.
Note: Trying to resync...
Note: Hit end of (available) data during resync.
Warning: Xing stream size off by more than 1%, fuzzy seeking may be even more fuzzy than by design!
Warning: Xing stream size off by more than 1%, fuzzy seeking may be even more fuzzy than by design!
[src/libmpg123/layer3.c:INT123_do_layer3():1844] error: dequantization failed!
Warning: Xing stream size off by more than 1%, fuzzy seeking may be even more fuzzy than by design!
Warning: Xing stream size off by more than 1%, fuzzy seeking may be even more fuzzy than by design!
Warning: Xing stream size off by more than 1%, fuzzy seeking may be even more fuzzy than by design!
