Using device: mps
Loading datasets...
Dataset Split -> Train: 5189, Val: 1112, Test: 1113
Initializing Model...

--- Epoch 1/25 ---
Batch 0/163 - Train Loss: 0.6820
Batch 10/163 - Train Loss: 0.2759
Batch 20/163 - Train Loss: 0.2827
Batch 30/163 - Train Loss: 0.2704
Batch 40/163 - Train Loss: 0.2294
Batch 50/163 - Train Loss: 0.2093
Batch 60/163 - Train Loss: 0.2212
Batch 70/163 - Train Loss: 0.1945
Batch 80/163 - Train Loss: 0.1714
Batch 90/163 - Train Loss: 0.1764
Batch 100/163 - Train Loss: 0.1779
Batch 110/163 - Train Loss: 0.1326
Batch 120/163 - Train Loss: 0.1240
Batch 130/163 - Train Loss: 0.1521
Batch 140/163 - Train Loss: 0.1551
Batch 150/163 - Train Loss: 0.1607
Batch 160/163 - Train Loss: 0.1362
Epoch 1 Summary:
  > Average Train Loss: 0.2060
  > Average Val Loss: 0.0952
⭐️ Saved new best model to models/best_model.pth!

--- Epoch 2/25 ---
Batch 0/163 - Train Loss: 0.1475
Batch 10/163 - Train Loss: 0.1355
Batch 20/163 - Train Loss: 0.1480
Batch 30/163 - Train Loss: 0.1322
Batch 40/163 - Train Loss: 0.1827
Batch 50/163 - Train Loss: 0.1577
Batch 60/163 - Train Loss: 0.1205
Batch 70/163 - Train Loss: 0.2021
Batch 80/163 - Train Loss: 0.1020
Batch 90/163 - Train Loss: 0.1223
Batch 100/163 - Train Loss: 0.1705
Batch 110/163 - Train Loss: 0.1087
Batch 120/163 - Train Loss: 0.1118
Batch 130/163 - Train Loss: 0.1082
Batch 140/163 - Train Loss: 0.1474
Batch 150/163 - Train Loss: 0.1259
Batch 160/163 - Train Loss: 0.1209
Epoch 2 Summary:
  > Average Train Loss: 0.1390
  > Average Val Loss: 0.0873
⭐️ Saved new best model to models/best_model.pth!

--- Epoch 3/25 ---
Batch 0/163 - Train Loss: 0.0951
Batch 10/163 - Train Loss: 0.1138
Batch 20/163 - Train Loss: 0.1114
Batch 30/163 - Train Loss: 0.1244
Batch 40/163 - Train Loss: 0.1008
Batch 50/163 - Train Loss: 0.1115
Batch 60/163 - Train Loss: 0.1237
Batch 70/163 - Train Loss: 0.1376
Batch 80/163 - Train Loss: 0.0801
Batch 90/163 - Train Loss: 0.0934
Batch 100/163 - Train Loss: 0.1508
Batch 110/163 - Train Loss: 0.1086
Batch 120/163 - Train Loss: 0.1366
Batch 130/163 - Train Loss: 0.1116
Batch 140/163 - Train Loss: 0.1740
Batch 150/163 - Train Loss: 0.1554
Batch 160/163 - Train Loss: 0.1084
Epoch 3 Summary:
  > Average Train Loss: 0.1183
  > Average Val Loss: 0.0741
⭐️ Saved new best model to models/best_model.pth!

--- Epoch 4/25 ---
Batch 0/163 - Train Loss: 0.1080
Batch 10/163 - Train Loss: 0.0988
Batch 20/163 - Train Loss: 0.1692
Batch 30/163 - Train Loss: 0.1039
Batch 40/163 - Train Loss: 0.1075
Batch 50/163 - Train Loss: 0.1464
Batch 60/163 - Train Loss: 0.1304
Batch 70/163 - Train Loss: 0.1272
Batch 80/163 - Train Loss: 0.0940
Batch 90/163 - Train Loss: 0.0776
Batch 100/163 - Train Loss: 0.1380
Batch 110/163 - Train Loss: 0.1037
Batch 120/163 - Train Loss: 0.1613
Batch 130/163 - Train Loss: 0.1210
Batch 140/163 - Train Loss: 0.0617
Batch 150/163 - Train Loss: 0.1320
Batch 160/163 - Train Loss: 0.0911
Epoch 4 Summary:
  > Average Train Loss: 0.1088
  > Average Val Loss: 0.0710
⭐️ Saved new best model to models/best_model.pth!

--- Epoch 5/25 ---
Batch 0/163 - Train Loss: 0.0743
Batch 10/163 - Train Loss: 0.1084
Batch 20/163 - Train Loss: 0.0943
Batch 30/163 - Train Loss: 0.0773
Batch 40/163 - Train Loss: 0.0571
Batch 50/163 - Train Loss: 0.0574
Batch 60/163 - Train Loss: 0.0737
Batch 70/163 - Train Loss: 0.0946
Batch 80/163 - Train Loss: 0.0679
Batch 90/163 - Train Loss: 0.0886
Batch 100/163 - Train Loss: 0.1248
Batch 110/163 - Train Loss: 0.1315
Batch 120/163 - Train Loss: 0.1102
Batch 130/163 - Train Loss: 0.1197
Batch 140/163 - Train Loss: 0.1030
Batch 150/163 - Train Loss: 0.1200
Batch 160/163 - Train Loss: 0.0939
Epoch 5 Summary:
  > Average Train Loss: 0.0989
  > Average Val Loss: 0.0743

--- Epoch 6/25 ---
Batch 0/163 - Train Loss: 0.0658
Batch 10/163 - Train Loss: 0.0752
Batch 20/163 - Train Loss: 0.1328
Batch 30/163 - Train Loss: 0.0857
Batch 40/163 - Train Loss: 0.0676
Batch 50/163 - Train Loss: 0.0798
Batch 60/163 - Train Loss: 0.1174
Batch 70/163 - Train Loss: 0.1157
Batch 80/163 - Train Loss: 0.0800
Batch 90/163 - Train Loss: 0.0935
Batch 100/163 - Train Loss: 0.0709
Batch 110/163 - Train Loss: 0.0716
Batch 120/163 - Train Loss: 0.0889
Batch 130/163 - Train Loss: 0.1123
Batch 140/163 - Train Loss: 0.0513
Batch 150/163 - Train Loss: 0.0828
Batch 160/163 - Train Loss: 0.0718
Epoch 6 Summary:
  > Average Train Loss: 0.0904
  > Average Val Loss: 0.0646
⭐️ Saved new best model to models/best_model.pth!

--- Epoch 7/25 ---
Batch 0/163 - Train Loss: 0.0624
Batch 10/163 - Train Loss: 0.0957
Batch 20/163 - Train Loss: 0.1291
Batch 30/163 - Train Loss: 0.0926
Batch 40/163 - Train Loss: 0.0990
Batch 50/163 - Train Loss: 0.0705
Batch 60/163 - Train Loss: 0.0846
Batch 70/163 - Train Loss: 0.0749
Batch 80/163 - Train Loss: 0.0796
Batch 90/163 - Train Loss: 0.1007
Batch 100/163 - Train Loss: 0.1034
Batch 110/163 - Train Loss: 0.0878
Batch 120/163 - Train Loss: 0.0962
Batch 130/163 - Train Loss: 0.0962
Batch 140/163 - Train Loss: 0.1204
Batch 150/163 - Train Loss: 0.1382
Batch 160/163 - Train Loss: 0.1139
Epoch 7 Summary:
  > Average Train Loss: 0.0902
  > Average Val Loss: 0.0657

--- Epoch 8/25 ---
Batch 0/163 - Train Loss: 0.0949
Batch 10/163 - Train Loss: 0.0983
Batch 20/163 - Train Loss: 0.0869
Batch 30/163 - Train Loss: 0.0744
Batch 40/163 - Train Loss: 0.0623
Batch 50/163 - Train Loss: 0.0596
Batch 60/163 - Train Loss: 0.1388
Batch 70/163 - Train Loss: 0.0571
Batch 80/163 - Train Loss: 0.0829
Batch 90/163 - Train Loss: 0.1140
Batch 100/163 - Train Loss: 0.1125
Batch 110/163 - Train Loss: 0.0845
Batch 120/163 - Train Loss: 0.1033
Batch 130/163 - Train Loss: 0.0550
Batch 140/163 - Train Loss: 0.0619
Batch 150/163 - Train Loss: 0.0504
Batch 160/163 - Train Loss: 0.0658
Epoch 8 Summary:
  > Average Train Loss: 0.0834
  > Average Val Loss: 0.0691

--- Epoch 9/25 ---
Batch 0/163 - Train Loss: 0.0647
Batch 10/163 - Train Loss: 0.0553
Batch 20/163 - Train Loss: 0.0782
Batch 30/163 - Train Loss: 0.0734
Batch 40/163 - Train Loss: 0.0572
Batch 50/163 - Train Loss: 0.0533
Batch 60/163 - Train Loss: 0.0813
Batch 70/163 - Train Loss: 0.0610
Batch 80/163 - Train Loss: 0.0463
Batch 90/163 - Train Loss: 0.0454
Batch 100/163 - Train Loss: 0.0777
Batch 110/163 - Train Loss: 0.0683
Batch 120/163 - Train Loss: 0.0494
Batch 130/163 - Train Loss: 0.1100
Batch 140/163 - Train Loss: 0.0510
Batch 150/163 - Train Loss: 0.0924
Batch 160/163 - Train Loss: 0.0731
Epoch 9 Summary:
  > Average Train Loss: 0.0732
  > Average Val Loss: 0.0697

--- Epoch 10/25 ---
Batch 0/163 - Train Loss: 0.0560
Batch 10/163 - Train Loss: 0.0851
Batch 20/163 - Train Loss: 0.0758
Batch 30/163 - Train Loss: 0.0663
Batch 40/163 - Train Loss: 0.0768
Batch 50/163 - Train Loss: 0.0761
Batch 60/163 - Train Loss: 0.0989
Batch 70/163 - Train Loss: 0.1070
Batch 80/163 - Train Loss: 0.0561
Batch 90/163 - Train Loss: 0.0447
Batch 100/163 - Train Loss: 0.0662
Batch 110/163 - Train Loss: 0.0364
Batch 120/163 - Train Loss: 0.0641
Batch 130/163 - Train Loss: 0.0655
Batch 140/163 - Train Loss: 0.0330
Batch 150/163 - Train Loss: 0.0538
Batch 160/163 - Train Loss: 0.1231
Epoch 10 Summary:
  > Average Train Loss: 0.0725
  > Average Val Loss: 0.0692

--- Epoch 11/25 ---
Batch 0/163 - Train Loss: 0.0618
Batch 10/163 - Train Loss: 0.1011
Batch 20/163 - Train Loss: 0.0941
Batch 30/163 - Train Loss: 0.0604
Batch 40/163 - Train Loss: 0.0819
Batch 50/163 - Train Loss: 0.0871
Batch 60/163 - Train Loss: 0.0528
Batch 70/163 - Train Loss: 0.0416
Batch 80/163 - Train Loss: 0.0688
Batch 90/163 - Train Loss: 0.0483
Batch 100/163 - Train Loss: 0.1049
Batch 110/163 - Train Loss: 0.0968
Batch 120/163 - Train Loss: 0.0670
Batch 130/163 - Train Loss: 0.0616
Batch 140/163 - Train Loss: 0.0703
Batch 150/163 - Train Loss: 0.0741
Batch 160/163 - Train Loss: 0.0599
Epoch 11 Summary:
  > Average Train Loss: 0.0704
  > Average Val Loss: 0.0633
⭐️ Saved new best model to models/best_model.pth!

--- Epoch 12/25 ---
Batch 0/163 - Train Loss: 0.0669
Batch 10/163 - Train Loss: 0.0703
Batch 20/163 - Train Loss: 0.0979
Batch 30/163 - Train Loss: 0.0343
Batch 40/163 - Train Loss: 0.0310
Batch 50/163 - Train Loss: 0.0728
Batch 60/163 - Train Loss: 0.0498
Batch 70/163 - Train Loss: 0.0771
Batch 80/163 - Train Loss: 0.0945
Batch 90/163 - Train Loss: 0.0411
Batch 100/163 - Train Loss: 0.0789
Batch 110/163 - Train Loss: 0.0774
Batch 120/163 - Train Loss: 0.0608
Batch 130/163 - Train Loss: 0.0527
Batch 140/163 - Train Loss: 0.0551
Batch 150/163 - Train Loss: 0.0437
Batch 160/163 - Train Loss: 0.0937
Epoch 12 Summary:
  > Average Train Loss: 0.0658
  > Average Val Loss: 0.0634

--- Epoch 13/25 ---
Batch 0/163 - Train Loss: 0.0832
Batch 10/163 - Train Loss: 0.0398
Batch 20/163 - Train Loss: 0.0961
Batch 30/163 - Train Loss: 0.0975
Batch 40/163 - Train Loss: 0.0897
Batch 50/163 - Train Loss: 0.0573
Batch 60/163 - Train Loss: 0.0765
Batch 70/163 - Train Loss: 0.0556
Batch 80/163 - Train Loss: 0.0713
Batch 90/163 - Train Loss: 0.0453
Batch 100/163 - Train Loss: 0.0686
Batch 110/163 - Train Loss: 0.0549
Batch 120/163 - Train Loss: 0.1007
Batch 130/163 - Train Loss: 0.0326
Batch 140/163 - Train Loss: 0.0572
Batch 150/163 - Train Loss: 0.0994
Batch 160/163 - Train Loss: 0.0801
Epoch 13 Summary:
  > Average Train Loss: 0.0661
  > Average Val Loss: 0.0645

--- Epoch 14/25 ---
Batch 0/163 - Train Loss: 0.0480
Batch 10/163 - Train Loss: 0.0569
Batch 20/163 - Train Loss: 0.0557
Batch 30/163 - Train Loss: 0.0689
Batch 40/163 - Train Loss: 0.0592
Batch 50/163 - Train Loss: 0.0763
Batch 60/163 - Train Loss: 0.0743
Batch 70/163 - Train Loss: 0.0528
Batch 80/163 - Train Loss: 0.0487
Batch 90/163 - Train Loss: 0.0887
Batch 100/163 - Train Loss: 0.0758
Batch 110/163 - Train Loss: 0.0648
Batch 120/163 - Train Loss: 0.0891
Batch 130/163 - Train Loss: 0.0775
Batch 140/163 - Train Loss: 0.0284
Batch 150/163 - Train Loss: 0.0845
Batch 160/163 - Train Loss: 0.0570
Epoch 14 Summary:
  > Average Train Loss: 0.0616
  > Average Val Loss: 0.0641

--- Epoch 15/25 ---
Batch 0/163 - Train Loss: 0.0807
Batch 10/163 - Train Loss: 0.0872
Batch 20/163 - Train Loss: 0.0614
Batch 30/163 - Train Loss: 0.0488
Batch 40/163 - Train Loss: 0.1207
Batch 50/163 - Train Loss: 0.0554
Batch 60/163 - Train Loss: 0.0452
Batch 70/163 - Train Loss: 0.0466
Batch 80/163 - Train Loss: 0.0620
Batch 90/163 - Train Loss: 0.0673
Batch 100/163 - Train Loss: 0.0684
Batch 110/163 - Train Loss: 0.0396
Batch 120/163 - Train Loss: 0.0401
Batch 130/163 - Train Loss: 0.0377
Batch 140/163 - Train Loss: 0.0587
Batch 150/163 - Train Loss: 0.0659
Batch 160/163 - Train Loss: 0.0423
Epoch 15 Summary:
  > Average Train Loss: 0.0571
  > Average Val Loss: 0.0687

--- Epoch 16/25 ---
Batch 0/163 - Train Loss: 0.0403
Batch 10/163 - Train Loss: 0.0709
Batch 20/163 - Train Loss: 0.0393
Batch 30/163 - Train Loss: 0.0377
Batch 40/163 - Train Loss: 0.0611
Batch 50/163 - Train Loss: 0.0631
Batch 60/163 - Train Loss: 0.0581
Batch 70/163 - Train Loss: 0.0352
Batch 80/163 - Train Loss: 0.0394
Batch 90/163 - Train Loss: 0.0527
Batch 100/163 - Train Loss: 0.0541
Batch 110/163 - Train Loss: 0.0236
Batch 120/163 - Train Loss: 0.0697
Batch 130/163 - Train Loss: 0.0701
Batch 140/163 - Train Loss: 0.0494
Batch 150/163 - Train Loss: 0.0601
Batch 160/163 - Train Loss: 0.0484
Epoch 16 Summary:
  > Average Train Loss: 0.0558
  > Average Val Loss: 0.0608
⭐️ Saved new best model to models/best_model.pth!

--- Epoch 17/25 ---
Batch 0/163 - Train Loss: 0.0700
Batch 10/163 - Train Loss: 0.0887
Batch 20/163 - Train Loss: 0.0901
Batch 30/163 - Train Loss: 0.0448
Batch 40/163 - Train Loss: 0.0464
Batch 50/163 - Train Loss: 0.0411
Batch 60/163 - Train Loss: 0.1085
Batch 70/163 - Train Loss: 0.0785
Batch 80/163 - Train Loss: 0.0826
Batch 90/163 - Train Loss: 0.0233
Batch 100/163 - Train Loss: 0.0240
Batch 110/163 - Train Loss: 0.0635
Batch 120/163 - Train Loss: 0.0406
Batch 130/163 - Train Loss: 0.0729
Batch 140/163 - Train Loss: 0.0792
Batch 150/163 - Train Loss: 0.0300
Batch 160/163 - Train Loss: 0.0598
Epoch 17 Summary:
  > Average Train Loss: 0.0556
  > Average Val Loss: 0.0675

--- Epoch 18/25 ---
Batch 0/163 - Train Loss: 0.0632
Batch 10/163 - Train Loss: 0.0453
Batch 20/163 - Train Loss: 0.0315
Batch 30/163 - Train Loss: 0.0512
Batch 40/163 - Train Loss: 0.0613
Batch 50/163 - Train Loss: 0.0599
Batch 60/163 - Train Loss: 0.0556
Batch 70/163 - Train Loss: 0.0619
Batch 80/163 - Train Loss: 0.0763
Batch 90/163 - Train Loss: 0.0973
Batch 100/163 - Train Loss: 0.1017
Batch 110/163 - Train Loss: 0.0578
Batch 120/163 - Train Loss: 0.0265
Batch 130/163 - Train Loss: 0.0235
Batch 140/163 - Train Loss: 0.0323
Batch 150/163 - Train Loss: 0.0499
Batch 160/163 - Train Loss: 0.0700
Epoch 18 Summary:
  > Average Train Loss: 0.0527
  > Average Val Loss: 0.0701

--- Epoch 19/25 ---
Batch 0/163 - Train Loss: 0.0282
Batch 10/163 - Train Loss: 0.0552
Batch 20/163 - Train Loss: 0.0693
Batch 30/163 - Train Loss: 0.0328
Batch 40/163 - Train Loss: 0.1175
Batch 50/163 - Train Loss: 0.0824
Batch 60/163 - Train Loss: 0.0411
Batch 70/163 - Train Loss: 0.0441
Batch 80/163 - Train Loss: 0.0368
Batch 90/163 - Train Loss: 0.0319
Batch 100/163 - Train Loss: 0.0643
Batch 110/163 - Train Loss: 0.0477
Batch 120/163 - Train Loss: 0.0452
Batch 130/163 - Train Loss: 0.0786
Batch 140/163 - Train Loss: 0.0420
Batch 150/163 - Train Loss: 0.0618
Batch 160/163 - Train Loss: 0.0485
Epoch 19 Summary:
  > Average Train Loss: 0.0520
  > Average Val Loss: 0.0716

--- Epoch 20/25 ---
Batch 0/163 - Train Loss: 0.0544
Batch 10/163 - Train Loss: 0.0463
Batch 20/163 - Train Loss: 0.0560
Batch 30/163 - Train Loss: 0.0529
Batch 40/163 - Train Loss: 0.0747
Batch 50/163 - Train Loss: 0.0603
Batch 60/163 - Train Loss: 0.0610
Batch 70/163 - Train Loss: 0.0945
Batch 80/163 - Train Loss: 0.0644
Batch 90/163 - Train Loss: 0.0542
Batch 100/163 - Train Loss: 0.0321
Batch 110/163 - Train Loss: 0.0404
Batch 120/163 - Train Loss: 0.0397
Batch 130/163 - Train Loss: 0.0735
Batch 140/163 - Train Loss: 0.0354
Batch 150/163 - Train Loss: 0.0465
Batch 160/163 - Train Loss: 0.0483
Epoch 20 Summary:
  > Average Train Loss: 0.0524
  > Average Val Loss: 0.0712

--- Epoch 21/25 ---
Batch 0/163 - Train Loss: 0.0443
Batch 10/163 - Train Loss: 0.0365
Batch 20/163 - Train Loss: 0.0509
Batch 30/163 - Train Loss: 0.0503
Batch 40/163 - Train Loss: 0.0475
Batch 50/163 - Train Loss: 0.0794
Batch 60/163 - Train Loss: 0.0658
Batch 70/163 - Train Loss: 0.0518
Batch 80/163 - Train Loss: 0.0303
Batch 90/163 - Train Loss: 0.0598
Batch 100/163 - Train Loss: 0.0354
Batch 110/163 - Train Loss: 0.0417
Batch 120/163 - Train Loss: 0.0317
Batch 130/163 - Train Loss: 0.0709
Batch 140/163 - Train Loss: 0.0691
Batch 150/163 - Train Loss: 0.0415
Batch 160/163 - Train Loss: 0.0553
Epoch 21 Summary:
  > Average Train Loss: 0.0498
  > Average Val Loss: 0.0689

--- Epoch 22/25 ---
Batch 0/163 - Train Loss: 0.0819
Batch 10/163 - Train Loss: 0.0302
Batch 20/163 - Train Loss: 0.0478
Batch 30/163 - Train Loss: 0.0506
Batch 40/163 - Train Loss: 0.0612
Batch 50/163 - Train Loss: 0.0328
Batch 60/163 - Train Loss: 0.0399
Batch 70/163 - Train Loss: 0.0627
Batch 80/163 - Train Loss: 0.0242
Batch 90/163 - Train Loss: 0.0384
Batch 100/163 - Train Loss: 0.0609
Batch 110/163 - Train Loss: 0.1031
Batch 120/163 - Train Loss: 0.0346
Batch 130/163 - Train Loss: 0.0357
Batch 140/163 - Train Loss: 0.0361
Batch 150/163 - Train Loss: 0.0361
Batch 160/163 - Train Loss: 0.0480
Epoch 22 Summary:
  > Average Train Loss: 0.0482
  > Average Val Loss: 0.0691

--- Epoch 23/25 ---
Batch 0/163 - Train Loss: 0.0396
Batch 10/163 - Train Loss: 0.0381
Batch 20/163 - Train Loss: 0.0375
Batch 30/163 - Train Loss: 0.0650
Batch 40/163 - Train Loss: 0.0562
Batch 50/163 - Train Loss: 0.0562
Batch 60/163 - Train Loss: 0.0538
Batch 70/163 - Train Loss: 0.0164
Batch 80/163 - Train Loss: 0.0466
Batch 90/163 - Train Loss: 0.0339
Batch 100/163 - Train Loss: 0.0430
Batch 110/163 - Train Loss: 0.0461
Batch 120/163 - Train Loss: 0.0497
Batch 130/163 - Train Loss: 0.0382
Batch 140/163 - Train Loss: 0.0248
Batch 150/163 - Train Loss: 0.1171
Batch 160/163 - Train Loss: 0.0930
Epoch 23 Summary:
  > Average Train Loss: 0.0481
  > Average Val Loss: 0.0691

--- Epoch 24/25 ---
Batch 0/163 - Train Loss: 0.0398
Batch 10/163 - Train Loss: 0.0246
Batch 20/163 - Train Loss: 0.0405
Batch 30/163 - Train Loss: 0.0273
Batch 40/163 - Train Loss: 0.0546
Batch 50/163 - Train Loss: 0.0511
Batch 60/163 - Train Loss: 0.0342
Batch 70/163 - Train Loss: 0.0346
Batch 80/163 - Train Loss: 0.0549
Batch 90/163 - Train Loss: 0.0171
Batch 100/163 - Train Loss: 0.0374
Batch 110/163 - Train Loss: 0.0557
Batch 120/163 - Train Loss: 0.0307
Batch 130/163 - Train Loss: 0.0225
Batch 140/163 - Train Loss: 0.0656
Batch 150/163 - Train Loss: 0.0630
Batch 160/163 - Train Loss: 0.0448
Epoch 24 Summary:
  > Average Train Loss: 0.0472
  > Average Val Loss: 0.0690

--- Epoch 25/25 ---
Batch 0/163 - Train Loss: 0.0235
Batch 10/163 - Train Loss: 0.0359
Batch 20/163 - Train Loss: 0.0533
Batch 30/163 - Train Loss: 0.0343
Batch 40/163 - Train Loss: 0.0375
Batch 50/163 - Train Loss: 0.0476
Batch 60/163 - Train Loss: 0.0662
Batch 70/163 - Train Loss: 0.0503
Batch 80/163 - Train Loss: 0.0247
Batch 90/163 - Train Loss: 0.0777
Batch 100/163 - Train Loss: 0.0407
Batch 110/163 - Train Loss: 0.0444
Batch 120/163 - Train Loss: 0.0436
Batch 130/163 - Train Loss: 0.0520
Batch 140/163 - Train Loss: 0.0319
Batch 150/163 - Train Loss: 0.0585
Batch 160/163 - Train Loss: 0.0807
Epoch 25 Summary:
  > Average Train Loss: 0.0450
  > Average Val Loss: 0.0689
